Copyright 1986-2019 Xilinx, Inc. All Rights Reserved.
--------------------------------------------------------------------------------------------------------------------------------------------------------------------------------
| Tool Version : Vivado v.2019.2 (win64) Build 2708876 Wed Nov  6 21:40:23 MST 2019
| Date         : Tue Sep 22 14:46:23 2020
| Host         : chiranthana-pc running 64-bit major release  (build 9200)
| Command      : report_methodology -file main_component_methodology_drc_routed.rpt -pb main_component_methodology_drc_routed.pb -rpx main_component_methodology_drc_routed.rpx
| Design       : main_component
| Device       : xc7a35tcpg236-1
| Speed File   : -1
| Design State : Fully Routed
--------------------------------------------------------------------------------------------------------------------------------------------------------------------------------

Report Methodology

Table of Contents
-----------------
1. REPORT SUMMARY
2. REPORT DETAILS

1. REPORT SUMMARY
-----------------
            Netlist: netlist
          Floorplan: design_1
      Design limits: <entire design considered>
             Max violations: <unlimited>
             Violations found: 206
+-----------+----------+-------------------------------+------------+
| Rule      | Severity | Description                   | Violations |
+-----------+----------+-------------------------------+------------+
| TIMING-16 | Warning  | Large setup violation         | 196        |
| TIMING-18 | Warning  | Missing input or output delay | 10         |
+-----------+----------+-------------------------------+------------+

2. REPORT DETAILS
-----------------
TIMING-16#1 Warning
Large setup violation  
There is a large setup violation of -11.140 ns between padding_unit_main/countplusone_reg[0]/C (clocked by sys_clk_pin) and padding_unit_main/finished_out_reg/D (clocked by sys_clk_pin). Large setup violations at the end of those stages might be difficult to fix during the post-placement implementation flow and could be the result of non-optimal XDC constraints or non-optimal design architecture
Related violations: <none>

TIMING-16#2 Warning
Large setup violation  
There is a large setup violation of -11.177 ns between padding_unit_main/countplusone_reg[0]/C (clocked by sys_clk_pin) and padding_unit_main/ioi_addra_out_reg[0]/CE (clocked by sys_clk_pin). Large setup violations at the end of those stages might be difficult to fix during the post-placement implementation flow and could be the result of non-optimal XDC constraints or non-optimal design architecture
Related violations: <none>

TIMING-16#3 Warning
Large setup violation  
There is a large setup violation of -11.177 ns between padding_unit_main/countplusone_reg[0]/C (clocked by sys_clk_pin) and padding_unit_main/ioi_addra_out_reg[10]/CE (clocked by sys_clk_pin). Large setup violations at the end of those stages might be difficult to fix during the post-placement implementation flow and could be the result of non-optimal XDC constraints or non-optimal design architecture
Related violations: <none>

TIMING-16#4 Warning
Large setup violation  
There is a large setup violation of -11.177 ns between padding_unit_main/countplusone_reg[0]/C (clocked by sys_clk_pin) and padding_unit_main/ioi_addra_out_reg[11]/CE (clocked by sys_clk_pin). Large setup violations at the end of those stages might be difficult to fix during the post-placement implementation flow and could be the result of non-optimal XDC constraints or non-optimal design architecture
Related violations: <none>

TIMING-16#5 Warning
Large setup violation  
There is a large setup violation of -11.177 ns between padding_unit_main/countplusone_reg[0]/C (clocked by sys_clk_pin) and padding_unit_main/ioi_addra_out_reg[12]/CE (clocked by sys_clk_pin). Large setup violations at the end of those stages might be difficult to fix during the post-placement implementation flow and could be the result of non-optimal XDC constraints or non-optimal design architecture
Related violations: <none>

TIMING-16#6 Warning
Large setup violation  
There is a large setup violation of -11.177 ns between padding_unit_main/countplusone_reg[0]/C (clocked by sys_clk_pin) and padding_unit_main/ioi_addra_out_reg[13]/CE (clocked by sys_clk_pin). Large setup violations at the end of those stages might be difficult to fix during the post-placement implementation flow and could be the result of non-optimal XDC constraints or non-optimal design architecture
Related violations: <none>

TIMING-16#7 Warning
Large setup violation  
There is a large setup violation of -11.177 ns between padding_unit_main/countplusone_reg[0]/C (clocked by sys_clk_pin) and padding_unit_main/ioi_addra_out_reg[1]/CE (clocked by sys_clk_pin). Large setup violations at the end of those stages might be difficult to fix during the post-placement implementation flow and could be the result of non-optimal XDC constraints or non-optimal design architecture
Related violations: <none>

TIMING-16#8 Warning
Large setup violation  
There is a large setup violation of -11.177 ns between padding_unit_main/countplusone_reg[0]/C (clocked by sys_clk_pin) and padding_unit_main/ioi_addra_out_reg[8]/CE (clocked by sys_clk_pin). Large setup violations at the end of those stages might be difficult to fix during the post-placement implementation flow and could be the result of non-optimal XDC constraints or non-optimal design architecture
Related violations: <none>

TIMING-16#9 Warning
Large setup violation  
There is a large setup violation of -11.182 ns between padding_unit_main/countplusone_reg[0]/C (clocked by sys_clk_pin) and padding_unit_main/count_reg[28]/CE (clocked by sys_clk_pin). Large setup violations at the end of those stages might be difficult to fix during the post-placement implementation flow and could be the result of non-optimal XDC constraints or non-optimal design architecture
Related violations: <none>

TIMING-16#10 Warning
Large setup violation  
There is a large setup violation of -11.182 ns between padding_unit_main/countplusone_reg[0]/C (clocked by sys_clk_pin) and padding_unit_main/count_reg[29]/CE (clocked by sys_clk_pin). Large setup violations at the end of those stages might be difficult to fix during the post-placement implementation flow and could be the result of non-optimal XDC constraints or non-optimal design architecture
Related violations: <none>

TIMING-16#11 Warning
Large setup violation  
There is a large setup violation of -11.182 ns between padding_unit_main/countplusone_reg[0]/C (clocked by sys_clk_pin) and padding_unit_main/count_reg[30]/CE (clocked by sys_clk_pin). Large setup violations at the end of those stages might be difficult to fix during the post-placement implementation flow and could be the result of non-optimal XDC constraints or non-optimal design architecture
Related violations: <none>

TIMING-16#12 Warning
Large setup violation  
There is a large setup violation of -11.182 ns between padding_unit_main/countplusone_reg[0]/C (clocked by sys_clk_pin) and padding_unit_main/count_reg[31]/CE (clocked by sys_clk_pin). Large setup violations at the end of those stages might be difficult to fix during the post-placement implementation flow and could be the result of non-optimal XDC constraints or non-optimal design architecture
Related violations: <none>

TIMING-16#13 Warning
Large setup violation  
There is a large setup violation of -11.187 ns between padding_unit_main/countplusone_reg[0]/C (clocked by sys_clk_pin) and padding_unit_main/count_reg[24]/CE (clocked by sys_clk_pin). Large setup violations at the end of those stages might be difficult to fix during the post-placement implementation flow and could be the result of non-optimal XDC constraints or non-optimal design architecture
Related violations: <none>

TIMING-16#14 Warning
Large setup violation  
There is a large setup violation of -11.187 ns between padding_unit_main/countplusone_reg[0]/C (clocked by sys_clk_pin) and padding_unit_main/count_reg[25]/CE (clocked by sys_clk_pin). Large setup violations at the end of those stages might be difficult to fix during the post-placement implementation flow and could be the result of non-optimal XDC constraints or non-optimal design architecture
Related violations: <none>

TIMING-16#15 Warning
Large setup violation  
There is a large setup violation of -11.187 ns between padding_unit_main/countplusone_reg[0]/C (clocked by sys_clk_pin) and padding_unit_main/count_reg[26]/CE (clocked by sys_clk_pin). Large setup violations at the end of those stages might be difficult to fix during the post-placement implementation flow and could be the result of non-optimal XDC constraints or non-optimal design architecture
Related violations: <none>

TIMING-16#16 Warning
Large setup violation  
There is a large setup violation of -11.187 ns between padding_unit_main/countplusone_reg[0]/C (clocked by sys_clk_pin) and padding_unit_main/count_reg[27]/CE (clocked by sys_clk_pin). Large setup violations at the end of those stages might be difficult to fix during the post-placement implementation flow and could be the result of non-optimal XDC constraints or non-optimal design architecture
Related violations: <none>

TIMING-16#17 Warning
Large setup violation  
There is a large setup violation of -11.213 ns between padding_unit_main/countplusone_reg[0]/C (clocked by sys_clk_pin) and padding_unit_main/count_reg[16]/CE (clocked by sys_clk_pin). Large setup violations at the end of those stages might be difficult to fix during the post-placement implementation flow and could be the result of non-optimal XDC constraints or non-optimal design architecture
Related violations: <none>

TIMING-16#18 Warning
Large setup violation  
There is a large setup violation of -11.213 ns between padding_unit_main/countplusone_reg[0]/C (clocked by sys_clk_pin) and padding_unit_main/count_reg[17]/CE (clocked by sys_clk_pin). Large setup violations at the end of those stages might be difficult to fix during the post-placement implementation flow and could be the result of non-optimal XDC constraints or non-optimal design architecture
Related violations: <none>

TIMING-16#19 Warning
Large setup violation  
There is a large setup violation of -11.213 ns between padding_unit_main/countplusone_reg[0]/C (clocked by sys_clk_pin) and padding_unit_main/count_reg[18]/CE (clocked by sys_clk_pin). Large setup violations at the end of those stages might be difficult to fix during the post-placement implementation flow and could be the result of non-optimal XDC constraints or non-optimal design architecture
Related violations: <none>

TIMING-16#20 Warning
Large setup violation  
There is a large setup violation of -11.213 ns between padding_unit_main/countplusone_reg[0]/C (clocked by sys_clk_pin) and padding_unit_main/count_reg[19]/CE (clocked by sys_clk_pin). Large setup violations at the end of those stages might be difficult to fix during the post-placement implementation flow and could be the result of non-optimal XDC constraints or non-optimal design architecture
Related violations: <none>

TIMING-16#21 Warning
Large setup violation  
There is a large setup violation of -11.247 ns between padding_unit_main/countplusone_reg[0]/C (clocked by sys_clk_pin) and padding_unit_main/count_reg[10]/CE (clocked by sys_clk_pin). Large setup violations at the end of those stages might be difficult to fix during the post-placement implementation flow and could be the result of non-optimal XDC constraints or non-optimal design architecture
Related violations: <none>

TIMING-16#22 Warning
Large setup violation  
There is a large setup violation of -11.247 ns between padding_unit_main/countplusone_reg[0]/C (clocked by sys_clk_pin) and padding_unit_main/count_reg[11]/CE (clocked by sys_clk_pin). Large setup violations at the end of those stages might be difficult to fix during the post-placement implementation flow and could be the result of non-optimal XDC constraints or non-optimal design architecture
Related violations: <none>

TIMING-16#23 Warning
Large setup violation  
There is a large setup violation of -11.247 ns between padding_unit_main/countplusone_reg[0]/C (clocked by sys_clk_pin) and padding_unit_main/count_reg[8]/CE (clocked by sys_clk_pin). Large setup violations at the end of those stages might be difficult to fix during the post-placement implementation flow and could be the result of non-optimal XDC constraints or non-optimal design architecture
Related violations: <none>

TIMING-16#24 Warning
Large setup violation  
There is a large setup violation of -11.247 ns between padding_unit_main/countplusone_reg[0]/C (clocked by sys_clk_pin) and padding_unit_main/count_reg[9]/CE (clocked by sys_clk_pin). Large setup violations at the end of those stages might be difficult to fix during the post-placement implementation flow and could be the result of non-optimal XDC constraints or non-optimal design architecture
Related violations: <none>

TIMING-16#25 Warning
Large setup violation  
There is a large setup violation of -11.326 ns between padding_unit_main/countplusone_reg[0]/C (clocked by sys_clk_pin) and padding_unit_main/count_reg[20]/CE (clocked by sys_clk_pin). Large setup violations at the end of those stages might be difficult to fix during the post-placement implementation flow and could be the result of non-optimal XDC constraints or non-optimal design architecture
Related violations: <none>

TIMING-16#26 Warning
Large setup violation  
There is a large setup violation of -11.326 ns between padding_unit_main/countplusone_reg[0]/C (clocked by sys_clk_pin) and padding_unit_main/count_reg[21]/CE (clocked by sys_clk_pin). Large setup violations at the end of those stages might be difficult to fix during the post-placement implementation flow and could be the result of non-optimal XDC constraints or non-optimal design architecture
Related violations: <none>

TIMING-16#27 Warning
Large setup violation  
There is a large setup violation of -11.326 ns between padding_unit_main/countplusone_reg[0]/C (clocked by sys_clk_pin) and padding_unit_main/count_reg[22]/CE (clocked by sys_clk_pin). Large setup violations at the end of those stages might be difficult to fix during the post-placement implementation flow and could be the result of non-optimal XDC constraints or non-optimal design architecture
Related violations: <none>

TIMING-16#28 Warning
Large setup violation  
There is a large setup violation of -11.326 ns between padding_unit_main/countplusone_reg[0]/C (clocked by sys_clk_pin) and padding_unit_main/count_reg[23]/CE (clocked by sys_clk_pin). Large setup violations at the end of those stages might be difficult to fix during the post-placement implementation flow and could be the result of non-optimal XDC constraints or non-optimal design architecture
Related violations: <none>

TIMING-16#29 Warning
Large setup violation  
There is a large setup violation of -11.354 ns between padding_unit_main/countplusone_reg[0]/C (clocked by sys_clk_pin) and padding_unit_main/count_reg[12]/CE (clocked by sys_clk_pin). Large setup violations at the end of those stages might be difficult to fix during the post-placement implementation flow and could be the result of non-optimal XDC constraints or non-optimal design architecture
Related violations: <none>

TIMING-16#30 Warning
Large setup violation  
There is a large setup violation of -11.354 ns between padding_unit_main/countplusone_reg[0]/C (clocked by sys_clk_pin) and padding_unit_main/count_reg[13]/CE (clocked by sys_clk_pin). Large setup violations at the end of those stages might be difficult to fix during the post-placement implementation flow and could be the result of non-optimal XDC constraints or non-optimal design architecture
Related violations: <none>

TIMING-16#31 Warning
Large setup violation  
There is a large setup violation of -11.354 ns between padding_unit_main/countplusone_reg[0]/C (clocked by sys_clk_pin) and padding_unit_main/count_reg[14]/CE (clocked by sys_clk_pin). Large setup violations at the end of those stages might be difficult to fix during the post-placement implementation flow and could be the result of non-optimal XDC constraints or non-optimal design architecture
Related violations: <none>

TIMING-16#32 Warning
Large setup violation  
There is a large setup violation of -11.354 ns between padding_unit_main/countplusone_reg[0]/C (clocked by sys_clk_pin) and padding_unit_main/count_reg[15]/CE (clocked by sys_clk_pin). Large setup violations at the end of those stages might be difficult to fix during the post-placement implementation flow and could be the result of non-optimal XDC constraints or non-optimal design architecture
Related violations: <none>

TIMING-16#33 Warning
Large setup violation  
There is a large setup violation of -11.366 ns between padding_unit_main/countplusone_reg[0]/C (clocked by sys_clk_pin) and padding_unit_main/ioi_addra_out_reg[2]/CE (clocked by sys_clk_pin). Large setup violations at the end of those stages might be difficult to fix during the post-placement implementation flow and could be the result of non-optimal XDC constraints or non-optimal design architecture
Related violations: <none>

TIMING-16#34 Warning
Large setup violation  
There is a large setup violation of -11.366 ns between padding_unit_main/countplusone_reg[0]/C (clocked by sys_clk_pin) and padding_unit_main/ioi_addra_out_reg[3]/CE (clocked by sys_clk_pin). Large setup violations at the end of those stages might be difficult to fix during the post-placement implementation flow and could be the result of non-optimal XDC constraints or non-optimal design architecture
Related violations: <none>

TIMING-16#35 Warning
Large setup violation  
There is a large setup violation of -11.366 ns between padding_unit_main/countplusone_reg[0]/C (clocked by sys_clk_pin) and padding_unit_main/ioi_addra_out_reg[4]/CE (clocked by sys_clk_pin). Large setup violations at the end of those stages might be difficult to fix during the post-placement implementation flow and could be the result of non-optimal XDC constraints or non-optimal design architecture
Related violations: <none>

TIMING-16#36 Warning
Large setup violation  
There is a large setup violation of -11.366 ns between padding_unit_main/countplusone_reg[0]/C (clocked by sys_clk_pin) and padding_unit_main/ioi_addra_out_reg[5]/CE (clocked by sys_clk_pin). Large setup violations at the end of those stages might be difficult to fix during the post-placement implementation flow and could be the result of non-optimal XDC constraints or non-optimal design architecture
Related violations: <none>

TIMING-16#37 Warning
Large setup violation  
There is a large setup violation of -11.366 ns between padding_unit_main/countplusone_reg[0]/C (clocked by sys_clk_pin) and padding_unit_main/ioi_addra_out_reg[6]/CE (clocked by sys_clk_pin). Large setup violations at the end of those stages might be difficult to fix during the post-placement implementation flow and could be the result of non-optimal XDC constraints or non-optimal design architecture
Related violations: <none>

TIMING-16#38 Warning
Large setup violation  
There is a large setup violation of -11.366 ns between padding_unit_main/countplusone_reg[0]/C (clocked by sys_clk_pin) and padding_unit_main/ioi_addra_out_reg[7]/CE (clocked by sys_clk_pin). Large setup violations at the end of those stages might be difficult to fix during the post-placement implementation flow and could be the result of non-optimal XDC constraints or non-optimal design architecture
Related violations: <none>

TIMING-16#39 Warning
Large setup violation  
There is a large setup violation of -11.366 ns between padding_unit_main/countplusone_reg[0]/C (clocked by sys_clk_pin) and padding_unit_main/ioi_addra_out_reg[9]/CE (clocked by sys_clk_pin). Large setup violations at the end of those stages might be difficult to fix during the post-placement implementation flow and could be the result of non-optimal XDC constraints or non-optimal design architecture
Related violations: <none>

TIMING-16#40 Warning
Large setup violation  
There is a large setup violation of -11.387 ns between padding_unit_main/countplusone_reg[0]/C (clocked by sys_clk_pin) and padding_unit_main/count_reg[4]/CE (clocked by sys_clk_pin). Large setup violations at the end of those stages might be difficult to fix during the post-placement implementation flow and could be the result of non-optimal XDC constraints or non-optimal design architecture
Related violations: <none>

TIMING-16#41 Warning
Large setup violation  
There is a large setup violation of -11.387 ns between padding_unit_main/countplusone_reg[0]/C (clocked by sys_clk_pin) and padding_unit_main/count_reg[5]/CE (clocked by sys_clk_pin). Large setup violations at the end of those stages might be difficult to fix during the post-placement implementation flow and could be the result of non-optimal XDC constraints or non-optimal design architecture
Related violations: <none>

TIMING-16#42 Warning
Large setup violation  
There is a large setup violation of -11.387 ns between padding_unit_main/countplusone_reg[0]/C (clocked by sys_clk_pin) and padding_unit_main/count_reg[6]/CE (clocked by sys_clk_pin). Large setup violations at the end of those stages might be difficult to fix during the post-placement implementation flow and could be the result of non-optimal XDC constraints or non-optimal design architecture
Related violations: <none>

TIMING-16#43 Warning
Large setup violation  
There is a large setup violation of -11.387 ns between padding_unit_main/countplusone_reg[0]/C (clocked by sys_clk_pin) and padding_unit_main/count_reg[7]/CE (clocked by sys_clk_pin). Large setup violations at the end of those stages might be difficult to fix during the post-placement implementation flow and could be the result of non-optimal XDC constraints or non-optimal design architecture
Related violations: <none>

TIMING-16#44 Warning
Large setup violation  
There is a large setup violation of -11.393 ns between padding_unit_main/countplusone_reg[0]/C (clocked by sys_clk_pin) and padding_unit_main/count_reg[0]/CE (clocked by sys_clk_pin). Large setup violations at the end of those stages might be difficult to fix during the post-placement implementation flow and could be the result of non-optimal XDC constraints or non-optimal design architecture
Related violations: <none>

TIMING-16#45 Warning
Large setup violation  
There is a large setup violation of -11.393 ns between padding_unit_main/countplusone_reg[0]/C (clocked by sys_clk_pin) and padding_unit_main/count_reg[1]/CE (clocked by sys_clk_pin). Large setup violations at the end of those stages might be difficult to fix during the post-placement implementation flow and could be the result of non-optimal XDC constraints or non-optimal design architecture
Related violations: <none>

TIMING-16#46 Warning
Large setup violation  
There is a large setup violation of -11.393 ns between padding_unit_main/countplusone_reg[0]/C (clocked by sys_clk_pin) and padding_unit_main/count_reg[2]/CE (clocked by sys_clk_pin). Large setup violations at the end of those stages might be difficult to fix during the post-placement implementation flow and could be the result of non-optimal XDC constraints or non-optimal design architecture
Related violations: <none>

TIMING-16#47 Warning
Large setup violation  
There is a large setup violation of -11.393 ns between padding_unit_main/countplusone_reg[0]/C (clocked by sys_clk_pin) and padding_unit_main/count_reg[3]/CE (clocked by sys_clk_pin). Large setup violations at the end of those stages might be difficult to fix during the post-placement implementation flow and could be the result of non-optimal XDC constraints or non-optimal design architecture
Related violations: <none>

TIMING-16#48 Warning
Large setup violation  
There is a large setup violation of -11.697 ns between padding_unit_main/countplusone_reg[0]/C (clocked by sys_clk_pin) and padding_unit_main/wait_after_write_reg[0]/CE (clocked by sys_clk_pin). Large setup violations at the end of those stages might be difficult to fix during the post-placement implementation flow and could be the result of non-optimal XDC constraints or non-optimal design architecture
Related violations: <none>

TIMING-16#49 Warning
Large setup violation  
There is a large setup violation of -11.707 ns between padding_unit_main/countplusone_reg[0]/C (clocked by sys_clk_pin) and padding_unit_main/countplusone_reg[12]/CE (clocked by sys_clk_pin). Large setup violations at the end of those stages might be difficult to fix during the post-placement implementation flow and could be the result of non-optimal XDC constraints or non-optimal design architecture
Related violations: <none>

TIMING-16#50 Warning
Large setup violation  
There is a large setup violation of -11.707 ns between padding_unit_main/countplusone_reg[0]/C (clocked by sys_clk_pin) and padding_unit_main/countplusone_reg[13]/CE (clocked by sys_clk_pin). Large setup violations at the end of those stages might be difficult to fix during the post-placement implementation flow and could be the result of non-optimal XDC constraints or non-optimal design architecture
Related violations: <none>

TIMING-16#51 Warning
Large setup violation  
There is a large setup violation of -11.707 ns between padding_unit_main/countplusone_reg[0]/C (clocked by sys_clk_pin) and padding_unit_main/countplusone_reg[14]/CE (clocked by sys_clk_pin). Large setup violations at the end of those stages might be difficult to fix during the post-placement implementation flow and could be the result of non-optimal XDC constraints or non-optimal design architecture
Related violations: <none>

TIMING-16#52 Warning
Large setup violation  
There is a large setup violation of -11.707 ns between padding_unit_main/countplusone_reg[0]/C (clocked by sys_clk_pin) and padding_unit_main/countplusone_reg[15]/CE (clocked by sys_clk_pin). Large setup violations at the end of those stages might be difficult to fix during the post-placement implementation flow and could be the result of non-optimal XDC constraints or non-optimal design architecture
Related violations: <none>

TIMING-16#53 Warning
Large setup violation  
There is a large setup violation of -11.732 ns between padding_unit_main/countplusone_reg[0]/C (clocked by sys_clk_pin) and padding_unit_main/countplusone_reg[4]/CE (clocked by sys_clk_pin). Large setup violations at the end of those stages might be difficult to fix during the post-placement implementation flow and could be the result of non-optimal XDC constraints or non-optimal design architecture
Related violations: <none>

TIMING-16#54 Warning
Large setup violation  
There is a large setup violation of -11.732 ns between padding_unit_main/countplusone_reg[0]/C (clocked by sys_clk_pin) and padding_unit_main/countplusone_reg[5]/CE (clocked by sys_clk_pin). Large setup violations at the end of those stages might be difficult to fix during the post-placement implementation flow and could be the result of non-optimal XDC constraints or non-optimal design architecture
Related violations: <none>

TIMING-16#55 Warning
Large setup violation  
There is a large setup violation of -11.732 ns between padding_unit_main/countplusone_reg[0]/C (clocked by sys_clk_pin) and padding_unit_main/countplusone_reg[6]/CE (clocked by sys_clk_pin). Large setup violations at the end of those stages might be difficult to fix during the post-placement implementation flow and could be the result of non-optimal XDC constraints or non-optimal design architecture
Related violations: <none>

TIMING-16#56 Warning
Large setup violation  
There is a large setup violation of -11.732 ns between padding_unit_main/countplusone_reg[0]/C (clocked by sys_clk_pin) and padding_unit_main/countplusone_reg[7]/CE (clocked by sys_clk_pin). Large setup violations at the end of those stages might be difficult to fix during the post-placement implementation flow and could be the result of non-optimal XDC constraints or non-optimal design architecture
Related violations: <none>

TIMING-16#57 Warning
Large setup violation  
There is a large setup violation of -11.739 ns between padding_unit_main/countplusone_reg[0]/C (clocked by sys_clk_pin) and padding_unit_main/padi_addra_out_reg[6]/CE (clocked by sys_clk_pin). Large setup violations at the end of those stages might be difficult to fix during the post-placement implementation flow and could be the result of non-optimal XDC constraints or non-optimal design architecture
Related violations: <none>

TIMING-16#58 Warning
Large setup violation  
There is a large setup violation of -11.757 ns between padding_unit_main/countplusone_reg[0]/C (clocked by sys_clk_pin) and padding_unit_main/countplusone_reg[0]/CE (clocked by sys_clk_pin). Large setup violations at the end of those stages might be difficult to fix during the post-placement implementation flow and could be the result of non-optimal XDC constraints or non-optimal design architecture
Related violations: <none>

TIMING-16#59 Warning
Large setup violation  
There is a large setup violation of -11.757 ns between padding_unit_main/countplusone_reg[0]/C (clocked by sys_clk_pin) and padding_unit_main/countplusone_reg[1]/CE (clocked by sys_clk_pin). Large setup violations at the end of those stages might be difficult to fix during the post-placement implementation flow and could be the result of non-optimal XDC constraints or non-optimal design architecture
Related violations: <none>

TIMING-16#60 Warning
Large setup violation  
There is a large setup violation of -11.757 ns between padding_unit_main/countplusone_reg[0]/C (clocked by sys_clk_pin) and padding_unit_main/countplusone_reg[2]/CE (clocked by sys_clk_pin). Large setup violations at the end of those stages might be difficult to fix during the post-placement implementation flow and could be the result of non-optimal XDC constraints or non-optimal design architecture
Related violations: <none>

TIMING-16#61 Warning
Large setup violation  
There is a large setup violation of -11.757 ns between padding_unit_main/countplusone_reg[0]/C (clocked by sys_clk_pin) and padding_unit_main/countplusone_reg[3]/CE (clocked by sys_clk_pin). Large setup violations at the end of those stages might be difficult to fix during the post-placement implementation flow and could be the result of non-optimal XDC constraints or non-optimal design architecture
Related violations: <none>

TIMING-16#62 Warning
Large setup violation  
There is a large setup violation of -11.768 ns between padding_unit_main/countplusone_reg[0]/C (clocked by sys_clk_pin) and padding_unit_main/countplusone_reg[28]/CE (clocked by sys_clk_pin). Large setup violations at the end of those stages might be difficult to fix during the post-placement implementation flow and could be the result of non-optimal XDC constraints or non-optimal design architecture
Related violations: <none>

TIMING-16#63 Warning
Large setup violation  
There is a large setup violation of -11.768 ns between padding_unit_main/countplusone_reg[0]/C (clocked by sys_clk_pin) and padding_unit_main/countplusone_reg[29]/CE (clocked by sys_clk_pin). Large setup violations at the end of those stages might be difficult to fix during the post-placement implementation flow and could be the result of non-optimal XDC constraints or non-optimal design architecture
Related violations: <none>

TIMING-16#64 Warning
Large setup violation  
There is a large setup violation of -11.768 ns between padding_unit_main/countplusone_reg[0]/C (clocked by sys_clk_pin) and padding_unit_main/countplusone_reg[30]/CE (clocked by sys_clk_pin). Large setup violations at the end of those stages might be difficult to fix during the post-placement implementation flow and could be the result of non-optimal XDC constraints or non-optimal design architecture
Related violations: <none>

TIMING-16#65 Warning
Large setup violation  
There is a large setup violation of -11.768 ns between padding_unit_main/countplusone_reg[0]/C (clocked by sys_clk_pin) and padding_unit_main/countplusone_reg[31]/CE (clocked by sys_clk_pin). Large setup violations at the end of those stages might be difficult to fix during the post-placement implementation flow and could be the result of non-optimal XDC constraints or non-optimal design architecture
Related violations: <none>

TIMING-16#66 Warning
Large setup violation  
There is a large setup violation of -11.773 ns between padding_unit_main/countplusone_reg[0]/C (clocked by sys_clk_pin) and padding_unit_main/wait_to_read_reg[0]/CE (clocked by sys_clk_pin). Large setup violations at the end of those stages might be difficult to fix during the post-placement implementation flow and could be the result of non-optimal XDC constraints or non-optimal design architecture
Related violations: <none>

TIMING-16#67 Warning
Large setup violation  
There is a large setup violation of -11.773 ns between padding_unit_main/countplusone_reg[0]/C (clocked by sys_clk_pin) and padding_unit_main/wait_to_read_reg[1]/CE (clocked by sys_clk_pin). Large setup violations at the end of those stages might be difficult to fix during the post-placement implementation flow and could be the result of non-optimal XDC constraints or non-optimal design architecture
Related violations: <none>

TIMING-16#68 Warning
Large setup violation  
There is a large setup violation of -11.773 ns between padding_unit_main/countplusone_reg[0]/C (clocked by sys_clk_pin) and padding_unit_main/wait_to_read_reg[2]/CE (clocked by sys_clk_pin). Large setup violations at the end of those stages might be difficult to fix during the post-placement implementation flow and could be the result of non-optimal XDC constraints or non-optimal design architecture
Related violations: <none>

TIMING-16#69 Warning
Large setup violation  
There is a large setup violation of -11.773 ns between padding_unit_main/countplusone_reg[0]/C (clocked by sys_clk_pin) and padding_unit_main/wait_to_read_reg[3]/CE (clocked by sys_clk_pin). Large setup violations at the end of those stages might be difficult to fix during the post-placement implementation flow and could be the result of non-optimal XDC constraints or non-optimal design architecture
Related violations: <none>

TIMING-16#70 Warning
Large setup violation  
There is a large setup violation of -11.773 ns between padding_unit_main/countplusone_reg[0]/C (clocked by sys_clk_pin) and padding_unit_main/wait_to_read_reg[4]/CE (clocked by sys_clk_pin). Large setup violations at the end of those stages might be difficult to fix during the post-placement implementation flow and could be the result of non-optimal XDC constraints or non-optimal design architecture
Related violations: <none>

TIMING-16#71 Warning
Large setup violation  
There is a large setup violation of -11.773 ns between padding_unit_main/countplusone_reg[0]/C (clocked by sys_clk_pin) and padding_unit_main/wait_to_read_reg[5]/CE (clocked by sys_clk_pin). Large setup violations at the end of those stages might be difficult to fix during the post-placement implementation flow and could be the result of non-optimal XDC constraints or non-optimal design architecture
Related violations: <none>

TIMING-16#72 Warning
Large setup violation  
There is a large setup violation of -11.783 ns between padding_unit_main/countplusone_reg[0]/C (clocked by sys_clk_pin) and padding_unit_main/padi_wea_out_reg[0]/D (clocked by sys_clk_pin). Large setup violations at the end of those stages might be difficult to fix during the post-placement implementation flow and could be the result of non-optimal XDC constraints or non-optimal design architecture
Related violations: <none>

TIMING-16#73 Warning
Large setup violation  
There is a large setup violation of -11.787 ns between padding_unit_main/countplusone_reg[0]/C (clocked by sys_clk_pin) and padding_unit_main/padi_addra_out_reg[8]/CE (clocked by sys_clk_pin). Large setup violations at the end of those stages might be difficult to fix during the post-placement implementation flow and could be the result of non-optimal XDC constraints or non-optimal design architecture
Related violations: <none>

TIMING-16#74 Warning
Large setup violation  
There is a large setup violation of -11.814 ns between padding_unit_main/countplusone_reg[0]/C (clocked by sys_clk_pin) and padding_unit_main/padi_dina_out_reg[4]/CE (clocked by sys_clk_pin). Large setup violations at the end of those stages might be difficult to fix during the post-placement implementation flow and could be the result of non-optimal XDC constraints or non-optimal design architecture
Related violations: <none>

TIMING-16#75 Warning
Large setup violation  
There is a large setup violation of -11.814 ns between padding_unit_main/countplusone_reg[0]/C (clocked by sys_clk_pin) and padding_unit_main/padi_dina_out_reg[5]/CE (clocked by sys_clk_pin). Large setup violations at the end of those stages might be difficult to fix during the post-placement implementation flow and could be the result of non-optimal XDC constraints or non-optimal design architecture
Related violations: <none>

TIMING-16#76 Warning
Large setup violation  
There is a large setup violation of -11.814 ns between padding_unit_main/countplusone_reg[0]/C (clocked by sys_clk_pin) and padding_unit_main/padi_dina_out_reg[6]/CE (clocked by sys_clk_pin). Large setup violations at the end of those stages might be difficult to fix during the post-placement implementation flow and could be the result of non-optimal XDC constraints or non-optimal design architecture
Related violations: <none>

TIMING-16#77 Warning
Large setup violation  
There is a large setup violation of -11.814 ns between padding_unit_main/countplusone_reg[0]/C (clocked by sys_clk_pin) and padding_unit_main/padi_dina_out_reg[7]/CE (clocked by sys_clk_pin). Large setup violations at the end of those stages might be difficult to fix during the post-placement implementation flow and could be the result of non-optimal XDC constraints or non-optimal design architecture
Related violations: <none>

TIMING-16#78 Warning
Large setup violation  
There is a large setup violation of -11.817 ns between padding_unit_main/countplusone_reg[0]/C (clocked by sys_clk_pin) and padding_unit_main/padi_addra_out_reg[10]/CE (clocked by sys_clk_pin). Large setup violations at the end of those stages might be difficult to fix during the post-placement implementation flow and could be the result of non-optimal XDC constraints or non-optimal design architecture
Related violations: <none>

TIMING-16#79 Warning
Large setup violation  
There is a large setup violation of -11.817 ns between padding_unit_main/countplusone_reg[0]/C (clocked by sys_clk_pin) and padding_unit_main/padi_addra_out_reg[11]/CE (clocked by sys_clk_pin). Large setup violations at the end of those stages might be difficult to fix during the post-placement implementation flow and could be the result of non-optimal XDC constraints or non-optimal design architecture
Related violations: <none>

TIMING-16#80 Warning
Large setup violation  
There is a large setup violation of -11.817 ns between padding_unit_main/countplusone_reg[0]/C (clocked by sys_clk_pin) and padding_unit_main/padi_addra_out_reg[9]/CE (clocked by sys_clk_pin). Large setup violations at the end of those stages might be difficult to fix during the post-placement implementation flow and could be the result of non-optimal XDC constraints or non-optimal design architecture
Related violations: <none>

TIMING-16#81 Warning
Large setup violation  
There is a large setup violation of -11.820 ns between padding_unit_main/countplusone_reg[0]/C (clocked by sys_clk_pin) and padding_unit_main/padi_dina_out_reg[0]/CE (clocked by sys_clk_pin). Large setup violations at the end of those stages might be difficult to fix during the post-placement implementation flow and could be the result of non-optimal XDC constraints or non-optimal design architecture
Related violations: <none>

TIMING-16#82 Warning
Large setup violation  
There is a large setup violation of -11.820 ns between padding_unit_main/countplusone_reg[0]/C (clocked by sys_clk_pin) and padding_unit_main/padi_dina_out_reg[1]/CE (clocked by sys_clk_pin). Large setup violations at the end of those stages might be difficult to fix during the post-placement implementation flow and could be the result of non-optimal XDC constraints or non-optimal design architecture
Related violations: <none>

TIMING-16#83 Warning
Large setup violation  
There is a large setup violation of -11.820 ns between padding_unit_main/countplusone_reg[0]/C (clocked by sys_clk_pin) and padding_unit_main/padi_dina_out_reg[2]/CE (clocked by sys_clk_pin). Large setup violations at the end of those stages might be difficult to fix during the post-placement implementation flow and could be the result of non-optimal XDC constraints or non-optimal design architecture
Related violations: <none>

TIMING-16#84 Warning
Large setup violation  
There is a large setup violation of -11.820 ns between padding_unit_main/countplusone_reg[0]/C (clocked by sys_clk_pin) and padding_unit_main/padi_dina_out_reg[3]/CE (clocked by sys_clk_pin). Large setup violations at the end of those stages might be difficult to fix during the post-placement implementation flow and could be the result of non-optimal XDC constraints or non-optimal design architecture
Related violations: <none>

TIMING-16#85 Warning
Large setup violation  
There is a large setup violation of -11.825 ns between padding_unit_main/countplusone_reg[0]/C (clocked by sys_clk_pin) and padding_unit_main/countplusone_reg[20]/CE (clocked by sys_clk_pin). Large setup violations at the end of those stages might be difficult to fix during the post-placement implementation flow and could be the result of non-optimal XDC constraints or non-optimal design architecture
Related violations: <none>

TIMING-16#86 Warning
Large setup violation  
There is a large setup violation of -11.825 ns between padding_unit_main/countplusone_reg[0]/C (clocked by sys_clk_pin) and padding_unit_main/countplusone_reg[21]/CE (clocked by sys_clk_pin). Large setup violations at the end of those stages might be difficult to fix during the post-placement implementation flow and could be the result of non-optimal XDC constraints or non-optimal design architecture
Related violations: <none>

TIMING-16#87 Warning
Large setup violation  
There is a large setup violation of -11.825 ns between padding_unit_main/countplusone_reg[0]/C (clocked by sys_clk_pin) and padding_unit_main/countplusone_reg[22]/CE (clocked by sys_clk_pin). Large setup violations at the end of those stages might be difficult to fix during the post-placement implementation flow and could be the result of non-optimal XDC constraints or non-optimal design architecture
Related violations: <none>

TIMING-16#88 Warning
Large setup violation  
There is a large setup violation of -11.825 ns between padding_unit_main/countplusone_reg[0]/C (clocked by sys_clk_pin) and padding_unit_main/countplusone_reg[23]/CE (clocked by sys_clk_pin). Large setup violations at the end of those stages might be difficult to fix during the post-placement implementation flow and could be the result of non-optimal XDC constraints or non-optimal design architecture
Related violations: <none>

TIMING-16#89 Warning
Large setup violation  
There is a large setup violation of -11.850 ns between padding_unit_main/countplusone_reg[0]/C (clocked by sys_clk_pin) and padding_unit_main/countplusone_reg[16]/CE (clocked by sys_clk_pin). Large setup violations at the end of those stages might be difficult to fix during the post-placement implementation flow and could be the result of non-optimal XDC constraints or non-optimal design architecture
Related violations: <none>

TIMING-16#90 Warning
Large setup violation  
There is a large setup violation of -11.850 ns between padding_unit_main/countplusone_reg[0]/C (clocked by sys_clk_pin) and padding_unit_main/countplusone_reg[17]/CE (clocked by sys_clk_pin). Large setup violations at the end of those stages might be difficult to fix during the post-placement implementation flow and could be the result of non-optimal XDC constraints or non-optimal design architecture
Related violations: <none>

TIMING-16#91 Warning
Large setup violation  
There is a large setup violation of -11.850 ns between padding_unit_main/countplusone_reg[0]/C (clocked by sys_clk_pin) and padding_unit_main/countplusone_reg[18]/CE (clocked by sys_clk_pin). Large setup violations at the end of those stages might be difficult to fix during the post-placement implementation flow and could be the result of non-optimal XDC constraints or non-optimal design architecture
Related violations: <none>

TIMING-16#92 Warning
Large setup violation  
There is a large setup violation of -11.850 ns between padding_unit_main/countplusone_reg[0]/C (clocked by sys_clk_pin) and padding_unit_main/countplusone_reg[19]/CE (clocked by sys_clk_pin). Large setup violations at the end of those stages might be difficult to fix during the post-placement implementation flow and could be the result of non-optimal XDC constraints or non-optimal design architecture
Related violations: <none>

TIMING-16#93 Warning
Large setup violation  
There is a large setup violation of -11.863 ns between padding_unit_main/countplusone_reg[0]/C (clocked by sys_clk_pin) and padding_unit_main/padi_addra_out_reg[5]/CE (clocked by sys_clk_pin). Large setup violations at the end of those stages might be difficult to fix during the post-placement implementation flow and could be the result of non-optimal XDC constraints or non-optimal design architecture
Related violations: <none>

TIMING-16#94 Warning
Large setup violation  
There is a large setup violation of -11.864 ns between padding_unit_main/countplusone_reg[0]/C (clocked by sys_clk_pin) and padding_unit_main/countplusone_reg[10]/CE (clocked by sys_clk_pin). Large setup violations at the end of those stages might be difficult to fix during the post-placement implementation flow and could be the result of non-optimal XDC constraints or non-optimal design architecture
Related violations: <none>

TIMING-16#95 Warning
Large setup violation  
There is a large setup violation of -11.864 ns between padding_unit_main/countplusone_reg[0]/C (clocked by sys_clk_pin) and padding_unit_main/countplusone_reg[11]/CE (clocked by sys_clk_pin). Large setup violations at the end of those stages might be difficult to fix during the post-placement implementation flow and could be the result of non-optimal XDC constraints or non-optimal design architecture
Related violations: <none>

TIMING-16#96 Warning
Large setup violation  
There is a large setup violation of -11.864 ns between padding_unit_main/countplusone_reg[0]/C (clocked by sys_clk_pin) and padding_unit_main/countplusone_reg[8]/CE (clocked by sys_clk_pin). Large setup violations at the end of those stages might be difficult to fix during the post-placement implementation flow and could be the result of non-optimal XDC constraints or non-optimal design architecture
Related violations: <none>

TIMING-16#97 Warning
Large setup violation  
There is a large setup violation of -11.864 ns between padding_unit_main/countplusone_reg[0]/C (clocked by sys_clk_pin) and padding_unit_main/countplusone_reg[9]/CE (clocked by sys_clk_pin). Large setup violations at the end of those stages might be difficult to fix during the post-placement implementation flow and could be the result of non-optimal XDC constraints or non-optimal design architecture
Related violations: <none>

TIMING-16#98 Warning
Large setup violation  
There is a large setup violation of -11.884 ns between padding_unit_main/countplusone_reg[0]/C (clocked by sys_clk_pin) and padding_unit_main/padi_addra_out_reg[13]/CE (clocked by sys_clk_pin). Large setup violations at the end of those stages might be difficult to fix during the post-placement implementation flow and could be the result of non-optimal XDC constraints or non-optimal design architecture
Related violations: <none>

TIMING-16#99 Warning
Large setup violation  
There is a large setup violation of -11.885 ns between padding_unit_main/countplusone_reg[0]/C (clocked by sys_clk_pin) and padding_unit_main/padi_addra_out_reg[12]/CE (clocked by sys_clk_pin). Large setup violations at the end of those stages might be difficult to fix during the post-placement implementation flow and could be the result of non-optimal XDC constraints or non-optimal design architecture
Related violations: <none>

TIMING-16#100 Warning
Large setup violation  
There is a large setup violation of -11.893 ns between padding_unit_main/countplusone_reg[0]/C (clocked by sys_clk_pin) and padding_unit_main/wait_after_write_reg[1]/CE (clocked by sys_clk_pin). Large setup violations at the end of those stages might be difficult to fix during the post-placement implementation flow and could be the result of non-optimal XDC constraints or non-optimal design architecture
Related violations: <none>

TIMING-16#101 Warning
Large setup violation  
There is a large setup violation of -11.893 ns between padding_unit_main/countplusone_reg[0]/C (clocked by sys_clk_pin) and padding_unit_main/wait_after_write_reg[3]/CE (clocked by sys_clk_pin). Large setup violations at the end of those stages might be difficult to fix during the post-placement implementation flow and could be the result of non-optimal XDC constraints or non-optimal design architecture
Related violations: <none>

TIMING-16#102 Warning
Large setup violation  
There is a large setup violation of -11.893 ns between padding_unit_main/countplusone_reg[0]/C (clocked by sys_clk_pin) and padding_unit_main/wait_after_write_reg[4]/CE (clocked by sys_clk_pin). Large setup violations at the end of those stages might be difficult to fix during the post-placement implementation flow and could be the result of non-optimal XDC constraints or non-optimal design architecture
Related violations: <none>

TIMING-16#103 Warning
Large setup violation  
There is a large setup violation of -11.898 ns between padding_unit_main/countplusone_reg[0]/C (clocked by sys_clk_pin) and padding_unit_main/wait_to_read_reg[6]/CE (clocked by sys_clk_pin). Large setup violations at the end of those stages might be difficult to fix during the post-placement implementation flow and could be the result of non-optimal XDC constraints or non-optimal design architecture
Related violations: <none>

TIMING-16#104 Warning
Large setup violation  
There is a large setup violation of -11.898 ns between padding_unit_main/countplusone_reg[0]/C (clocked by sys_clk_pin) and padding_unit_main/wait_to_read_reg[7]/CE (clocked by sys_clk_pin). Large setup violations at the end of those stages might be difficult to fix during the post-placement implementation flow and could be the result of non-optimal XDC constraints or non-optimal design architecture
Related violations: <none>

TIMING-16#105 Warning
Large setup violation  
There is a large setup violation of -11.898 ns between padding_unit_main/countplusone_reg[0]/C (clocked by sys_clk_pin) and padding_unit_main/wait_to_read_reg[8]/CE (clocked by sys_clk_pin). Large setup violations at the end of those stages might be difficult to fix during the post-placement implementation flow and could be the result of non-optimal XDC constraints or non-optimal design architecture
Related violations: <none>

TIMING-16#106 Warning
Large setup violation  
There is a large setup violation of -11.898 ns between padding_unit_main/countplusone_reg[0]/C (clocked by sys_clk_pin) and padding_unit_main/wait_to_read_reg[9]/CE (clocked by sys_clk_pin). Large setup violations at the end of those stages might be difficult to fix during the post-placement implementation flow and could be the result of non-optimal XDC constraints or non-optimal design architecture
Related violations: <none>

TIMING-16#107 Warning
Large setup violation  
There is a large setup violation of -11.907 ns between padding_unit_main/countplusone_reg[0]/C (clocked by sys_clk_pin) and padding_unit_main/countplusone_reg[24]/CE (clocked by sys_clk_pin). Large setup violations at the end of those stages might be difficult to fix during the post-placement implementation flow and could be the result of non-optimal XDC constraints or non-optimal design architecture
Related violations: <none>

TIMING-16#108 Warning
Large setup violation  
There is a large setup violation of -11.907 ns between padding_unit_main/countplusone_reg[0]/C (clocked by sys_clk_pin) and padding_unit_main/countplusone_reg[25]/CE (clocked by sys_clk_pin). Large setup violations at the end of those stages might be difficult to fix during the post-placement implementation flow and could be the result of non-optimal XDC constraints or non-optimal design architecture
Related violations: <none>

TIMING-16#109 Warning
Large setup violation  
There is a large setup violation of -11.907 ns between padding_unit_main/countplusone_reg[0]/C (clocked by sys_clk_pin) and padding_unit_main/countplusone_reg[26]/CE (clocked by sys_clk_pin). Large setup violations at the end of those stages might be difficult to fix during the post-placement implementation flow and could be the result of non-optimal XDC constraints or non-optimal design architecture
Related violations: <none>

TIMING-16#110 Warning
Large setup violation  
There is a large setup violation of -11.907 ns between padding_unit_main/countplusone_reg[0]/C (clocked by sys_clk_pin) and padding_unit_main/countplusone_reg[27]/CE (clocked by sys_clk_pin). Large setup violations at the end of those stages might be difficult to fix during the post-placement implementation flow and could be the result of non-optimal XDC constraints or non-optimal design architecture
Related violations: <none>

TIMING-16#111 Warning
Large setup violation  
There is a large setup violation of -11.914 ns between padding_unit_main/countplusone_reg[0]/C (clocked by sys_clk_pin) and padding_unit_main/wait_to_read_reg[10]/CE (clocked by sys_clk_pin). Large setup violations at the end of those stages might be difficult to fix during the post-placement implementation flow and could be the result of non-optimal XDC constraints or non-optimal design architecture
Related violations: <none>

TIMING-16#112 Warning
Large setup violation  
There is a large setup violation of -11.914 ns between padding_unit_main/countplusone_reg[0]/C (clocked by sys_clk_pin) and padding_unit_main/wait_to_read_reg[11]/CE (clocked by sys_clk_pin). Large setup violations at the end of those stages might be difficult to fix during the post-placement implementation flow and could be the result of non-optimal XDC constraints or non-optimal design architecture
Related violations: <none>

TIMING-16#113 Warning
Large setup violation  
There is a large setup violation of -11.914 ns between padding_unit_main/countplusone_reg[0]/C (clocked by sys_clk_pin) and padding_unit_main/wait_to_read_reg[12]/CE (clocked by sys_clk_pin). Large setup violations at the end of those stages might be difficult to fix during the post-placement implementation flow and could be the result of non-optimal XDC constraints or non-optimal design architecture
Related violations: <none>

TIMING-16#114 Warning
Large setup violation  
There is a large setup violation of -11.914 ns between padding_unit_main/countplusone_reg[0]/C (clocked by sys_clk_pin) and padding_unit_main/wait_to_read_reg[13]/CE (clocked by sys_clk_pin). Large setup violations at the end of those stages might be difficult to fix during the post-placement implementation flow and could be the result of non-optimal XDC constraints or non-optimal design architecture
Related violations: <none>

TIMING-16#115 Warning
Large setup violation  
There is a large setup violation of -11.914 ns between padding_unit_main/countplusone_reg[0]/C (clocked by sys_clk_pin) and padding_unit_main/wait_to_read_reg[15]/CE (clocked by sys_clk_pin). Large setup violations at the end of those stages might be difficult to fix during the post-placement implementation flow and could be the result of non-optimal XDC constraints or non-optimal design architecture
Related violations: <none>

TIMING-16#116 Warning
Large setup violation  
There is a large setup violation of -11.914 ns between padding_unit_main/countplusone_reg[0]/C (clocked by sys_clk_pin) and padding_unit_main/wait_to_read_reg[16]/CE (clocked by sys_clk_pin). Large setup violations at the end of those stages might be difficult to fix during the post-placement implementation flow and could be the result of non-optimal XDC constraints or non-optimal design architecture
Related violations: <none>

TIMING-16#117 Warning
Large setup violation  
There is a large setup violation of -11.927 ns between padding_unit_main/countplusone_reg[0]/C (clocked by sys_clk_pin) and padding_unit_main/padi_addra_out_reg[2]/CE (clocked by sys_clk_pin). Large setup violations at the end of those stages might be difficult to fix during the post-placement implementation flow and could be the result of non-optimal XDC constraints or non-optimal design architecture
Related violations: <none>

TIMING-16#118 Warning
Large setup violation  
There is a large setup violation of -11.927 ns between padding_unit_main/countplusone_reg[0]/C (clocked by sys_clk_pin) and padding_unit_main/padi_addra_out_reg[3]/CE (clocked by sys_clk_pin). Large setup violations at the end of those stages might be difficult to fix during the post-placement implementation flow and could be the result of non-optimal XDC constraints or non-optimal design architecture
Related violations: <none>

TIMING-16#119 Warning
Large setup violation  
There is a large setup violation of -11.927 ns between padding_unit_main/countplusone_reg[0]/C (clocked by sys_clk_pin) and padding_unit_main/padi_addra_out_reg[4]/CE (clocked by sys_clk_pin). Large setup violations at the end of those stages might be difficult to fix during the post-placement implementation flow and could be the result of non-optimal XDC constraints or non-optimal design architecture
Related violations: <none>

TIMING-16#120 Warning
Large setup violation  
There is a large setup violation of -11.943 ns between padding_unit_main/countplusone_reg[0]/C (clocked by sys_clk_pin) and padding_unit_main/wait_to_read_reg[18]/CE (clocked by sys_clk_pin). Large setup violations at the end of those stages might be difficult to fix during the post-placement implementation flow and could be the result of non-optimal XDC constraints or non-optimal design architecture
Related violations: <none>

TIMING-16#121 Warning
Large setup violation  
There is a large setup violation of -11.943 ns between padding_unit_main/countplusone_reg[0]/C (clocked by sys_clk_pin) and padding_unit_main/wait_to_read_reg[19]/CE (clocked by sys_clk_pin). Large setup violations at the end of those stages might be difficult to fix during the post-placement implementation flow and could be the result of non-optimal XDC constraints or non-optimal design architecture
Related violations: <none>

TIMING-16#122 Warning
Large setup violation  
There is a large setup violation of -11.943 ns between padding_unit_main/countplusone_reg[0]/C (clocked by sys_clk_pin) and padding_unit_main/wait_to_read_reg[20]/CE (clocked by sys_clk_pin). Large setup violations at the end of those stages might be difficult to fix during the post-placement implementation flow and could be the result of non-optimal XDC constraints or non-optimal design architecture
Related violations: <none>

TIMING-16#123 Warning
Large setup violation  
There is a large setup violation of -11.943 ns between padding_unit_main/countplusone_reg[0]/C (clocked by sys_clk_pin) and padding_unit_main/wait_to_read_reg[22]/CE (clocked by sys_clk_pin). Large setup violations at the end of those stages might be difficult to fix during the post-placement implementation flow and could be the result of non-optimal XDC constraints or non-optimal design architecture
Related violations: <none>

TIMING-16#124 Warning
Large setup violation  
There is a large setup violation of -11.943 ns between padding_unit_main/countplusone_reg[0]/C (clocked by sys_clk_pin) and padding_unit_main/wait_to_read_reg[23]/CE (clocked by sys_clk_pin). Large setup violations at the end of those stages might be difficult to fix during the post-placement implementation flow and could be the result of non-optimal XDC constraints or non-optimal design architecture
Related violations: <none>

TIMING-16#125 Warning
Large setup violation  
There is a large setup violation of -11.943 ns between padding_unit_main/countplusone_reg[0]/C (clocked by sys_clk_pin) and padding_unit_main/wait_to_read_reg[24]/CE (clocked by sys_clk_pin). Large setup violations at the end of those stages might be difficult to fix during the post-placement implementation flow and could be the result of non-optimal XDC constraints or non-optimal design architecture
Related violations: <none>

TIMING-16#126 Warning
Large setup violation  
There is a large setup violation of -11.945 ns between padding_unit_main/countplusone_reg[0]/C (clocked by sys_clk_pin) and padding_unit_main/wait_to_read_reg[14]/CE (clocked by sys_clk_pin). Large setup violations at the end of those stages might be difficult to fix during the post-placement implementation flow and could be the result of non-optimal XDC constraints or non-optimal design architecture
Related violations: <none>

TIMING-16#127 Warning
Large setup violation  
There is a large setup violation of -11.945 ns between padding_unit_main/countplusone_reg[0]/C (clocked by sys_clk_pin) and padding_unit_main/wait_to_read_reg[17]/CE (clocked by sys_clk_pin). Large setup violations at the end of those stages might be difficult to fix during the post-placement implementation flow and could be the result of non-optimal XDC constraints or non-optimal design architecture
Related violations: <none>

TIMING-16#128 Warning
Large setup violation  
There is a large setup violation of -11.952 ns between padding_unit_main/countplusone_reg[0]/C (clocked by sys_clk_pin) and padding_unit_main/wait_to_read_reg[26]/CE (clocked by sys_clk_pin). Large setup violations at the end of those stages might be difficult to fix during the post-placement implementation flow and could be the result of non-optimal XDC constraints or non-optimal design architecture
Related violations: <none>

TIMING-16#129 Warning
Large setup violation  
There is a large setup violation of -11.952 ns between padding_unit_main/countplusone_reg[0]/C (clocked by sys_clk_pin) and padding_unit_main/wait_to_read_reg[27]/CE (clocked by sys_clk_pin). Large setup violations at the end of those stages might be difficult to fix during the post-placement implementation flow and could be the result of non-optimal XDC constraints or non-optimal design architecture
Related violations: <none>

TIMING-16#130 Warning
Large setup violation  
There is a large setup violation of -11.952 ns between padding_unit_main/countplusone_reg[0]/C (clocked by sys_clk_pin) and padding_unit_main/wait_to_read_reg[28]/CE (clocked by sys_clk_pin). Large setup violations at the end of those stages might be difficult to fix during the post-placement implementation flow and could be the result of non-optimal XDC constraints or non-optimal design architecture
Related violations: <none>

TIMING-16#131 Warning
Large setup violation  
There is a large setup violation of -11.952 ns between padding_unit_main/countplusone_reg[0]/C (clocked by sys_clk_pin) and padding_unit_main/wait_to_read_reg[29]/CE (clocked by sys_clk_pin). Large setup violations at the end of those stages might be difficult to fix during the post-placement implementation flow and could be the result of non-optimal XDC constraints or non-optimal design architecture
Related violations: <none>

TIMING-16#132 Warning
Large setup violation  
There is a large setup violation of -11.952 ns between padding_unit_main/countplusone_reg[0]/C (clocked by sys_clk_pin) and padding_unit_main/wait_to_read_reg[30]/CE (clocked by sys_clk_pin). Large setup violations at the end of those stages might be difficult to fix during the post-placement implementation flow and could be the result of non-optimal XDC constraints or non-optimal design architecture
Related violations: <none>

TIMING-16#133 Warning
Large setup violation  
There is a large setup violation of -11.952 ns between padding_unit_main/countplusone_reg[0]/C (clocked by sys_clk_pin) and padding_unit_main/wait_to_read_reg[31]/CE (clocked by sys_clk_pin). Large setup violations at the end of those stages might be difficult to fix during the post-placement implementation flow and could be the result of non-optimal XDC constraints or non-optimal design architecture
Related violations: <none>

TIMING-16#134 Warning
Large setup violation  
There is a large setup violation of -11.984 ns between padding_unit_main/countplusone_reg[0]/C (clocked by sys_clk_pin) and padding_unit_main/padi_addra_out_reg[1]/CE (clocked by sys_clk_pin). Large setup violations at the end of those stages might be difficult to fix during the post-placement implementation flow and could be the result of non-optimal XDC constraints or non-optimal design architecture
Related violations: <none>

TIMING-16#135 Warning
Large setup violation  
There is a large setup violation of -11.984 ns between padding_unit_main/countplusone_reg[0]/C (clocked by sys_clk_pin) and padding_unit_main/padi_addra_out_reg[7]/CE (clocked by sys_clk_pin). Large setup violations at the end of those stages might be difficult to fix during the post-placement implementation flow and could be the result of non-optimal XDC constraints or non-optimal design architecture
Related violations: <none>

TIMING-16#136 Warning
Large setup violation  
There is a large setup violation of -12.007 ns between padding_unit_main/countplusone_reg[0]/C (clocked by sys_clk_pin) and padding_unit_main/wait_after_write_reg[10]/CE (clocked by sys_clk_pin). Large setup violations at the end of those stages might be difficult to fix during the post-placement implementation flow and could be the result of non-optimal XDC constraints or non-optimal design architecture
Related violations: <none>

TIMING-16#137 Warning
Large setup violation  
There is a large setup violation of -12.007 ns between padding_unit_main/countplusone_reg[0]/C (clocked by sys_clk_pin) and padding_unit_main/wait_after_write_reg[13]/CE (clocked by sys_clk_pin). Large setup violations at the end of those stages might be difficult to fix during the post-placement implementation flow and could be the result of non-optimal XDC constraints or non-optimal design architecture
Related violations: <none>

TIMING-16#138 Warning
Large setup violation  
There is a large setup violation of -12.008 ns between padding_unit_main/countplusone_reg[0]/C (clocked by sys_clk_pin) and padding_unit_main/wait_after_write_reg[2]/CE (clocked by sys_clk_pin). Large setup violations at the end of those stages might be difficult to fix during the post-placement implementation flow and could be the result of non-optimal XDC constraints or non-optimal design architecture
Related violations: <none>

TIMING-16#139 Warning
Large setup violation  
There is a large setup violation of -12.008 ns between padding_unit_main/countplusone_reg[0]/C (clocked by sys_clk_pin) and padding_unit_main/wait_after_write_reg[5]/CE (clocked by sys_clk_pin). Large setup violations at the end of those stages might be difficult to fix during the post-placement implementation flow and could be the result of non-optimal XDC constraints or non-optimal design architecture
Related violations: <none>

TIMING-16#140 Warning
Large setup violation  
There is a large setup violation of -12.008 ns between padding_unit_main/countplusone_reg[0]/C (clocked by sys_clk_pin) and padding_unit_main/wait_after_write_reg[6]/CE (clocked by sys_clk_pin). Large setup violations at the end of those stages might be difficult to fix during the post-placement implementation flow and could be the result of non-optimal XDC constraints or non-optimal design architecture
Related violations: <none>

TIMING-16#141 Warning
Large setup violation  
There is a large setup violation of -12.008 ns between padding_unit_main/countplusone_reg[0]/C (clocked by sys_clk_pin) and padding_unit_main/wait_after_write_reg[9]/CE (clocked by sys_clk_pin). Large setup violations at the end of those stages might be difficult to fix during the post-placement implementation flow and could be the result of non-optimal XDC constraints or non-optimal design architecture
Related violations: <none>

TIMING-16#142 Warning
Large setup violation  
There is a large setup violation of -12.028 ns between padding_unit_main/countplusone_reg[0]/C (clocked by sys_clk_pin) and padding_unit_main/padi_addra_out_reg[0]/CE (clocked by sys_clk_pin). Large setup violations at the end of those stages might be difficult to fix during the post-placement implementation flow and could be the result of non-optimal XDC constraints or non-optimal design architecture
Related violations: <none>

TIMING-16#143 Warning
Large setup violation  
There is a large setup violation of -12.032 ns between padding_unit_main/countplusone_reg[0]/C (clocked by sys_clk_pin) and padding_unit_main/wait_after_write_reg[11]/CE (clocked by sys_clk_pin). Large setup violations at the end of those stages might be difficult to fix during the post-placement implementation flow and could be the result of non-optimal XDC constraints or non-optimal design architecture
Related violations: <none>

TIMING-16#144 Warning
Large setup violation  
There is a large setup violation of -12.032 ns between padding_unit_main/countplusone_reg[0]/C (clocked by sys_clk_pin) and padding_unit_main/wait_after_write_reg[12]/CE (clocked by sys_clk_pin). Large setup violations at the end of those stages might be difficult to fix during the post-placement implementation flow and could be the result of non-optimal XDC constraints or non-optimal design architecture
Related violations: <none>

TIMING-16#145 Warning
Large setup violation  
There is a large setup violation of -12.033 ns between padding_unit_main/countplusone_reg[0]/C (clocked by sys_clk_pin) and padding_unit_main/wait_after_write_reg[7]/CE (clocked by sys_clk_pin). Large setup violations at the end of those stages might be difficult to fix during the post-placement implementation flow and could be the result of non-optimal XDC constraints or non-optimal design architecture
Related violations: <none>

TIMING-16#146 Warning
Large setup violation  
There is a large setup violation of -12.033 ns between padding_unit_main/countplusone_reg[0]/C (clocked by sys_clk_pin) and padding_unit_main/wait_after_write_reg[8]/CE (clocked by sys_clk_pin). Large setup violations at the end of those stages might be difficult to fix during the post-placement implementation flow and could be the result of non-optimal XDC constraints or non-optimal design architecture
Related violations: <none>

TIMING-16#147 Warning
Large setup violation  
There is a large setup violation of -12.063 ns between padding_unit_main/countplusone_reg[0]/C (clocked by sys_clk_pin) and padding_unit_main/wait_after_write_reg[19]/CE (clocked by sys_clk_pin). Large setup violations at the end of those stages might be difficult to fix during the post-placement implementation flow and could be the result of non-optimal XDC constraints or non-optimal design architecture
Related violations: <none>

TIMING-16#148 Warning
Large setup violation  
There is a large setup violation of -12.063 ns between padding_unit_main/countplusone_reg[0]/C (clocked by sys_clk_pin) and padding_unit_main/wait_after_write_reg[21]/CE (clocked by sys_clk_pin). Large setup violations at the end of those stages might be difficult to fix during the post-placement implementation flow and could be the result of non-optimal XDC constraints or non-optimal design architecture
Related violations: <none>

TIMING-16#149 Warning
Large setup violation  
There is a large setup violation of -12.074 ns between padding_unit_main/countplusone_reg[0]/C (clocked by sys_clk_pin) and padding_unit_main/wait_to_read_reg[21]/CE (clocked by sys_clk_pin). Large setup violations at the end of those stages might be difficult to fix during the post-placement implementation flow and could be the result of non-optimal XDC constraints or non-optimal design architecture
Related violations: <none>

TIMING-16#150 Warning
Large setup violation  
There is a large setup violation of -12.074 ns between padding_unit_main/countplusone_reg[0]/C (clocked by sys_clk_pin) and padding_unit_main/wait_to_read_reg[25]/CE (clocked by sys_clk_pin). Large setup violations at the end of those stages might be difficult to fix during the post-placement implementation flow and could be the result of non-optimal XDC constraints or non-optimal design architecture
Related violations: <none>

TIMING-16#151 Warning
Large setup violation  
There is a large setup violation of -12.087 ns between padding_unit_main/countplusone_reg[0]/C (clocked by sys_clk_pin) and padding_unit_main/wait_after_write_reg[14]/CE (clocked by sys_clk_pin). Large setup violations at the end of those stages might be difficult to fix during the post-placement implementation flow and could be the result of non-optimal XDC constraints or non-optimal design architecture
Related violations: <none>

TIMING-16#152 Warning
Large setup violation  
There is a large setup violation of -12.087 ns between padding_unit_main/countplusone_reg[0]/C (clocked by sys_clk_pin) and padding_unit_main/wait_after_write_reg[17]/CE (clocked by sys_clk_pin). Large setup violations at the end of those stages might be difficult to fix during the post-placement implementation flow and could be the result of non-optimal XDC constraints or non-optimal design architecture
Related violations: <none>

TIMING-16#153 Warning
Large setup violation  
There is a large setup violation of -12.088 ns between padding_unit_main/countplusone_reg[0]/C (clocked by sys_clk_pin) and padding_unit_main/wait_after_write_reg[20]/CE (clocked by sys_clk_pin). Large setup violations at the end of those stages might be difficult to fix during the post-placement implementation flow and could be the result of non-optimal XDC constraints or non-optimal design architecture
Related violations: <none>

TIMING-16#154 Warning
Large setup violation  
There is a large setup violation of -12.088 ns between padding_unit_main/countplusone_reg[0]/C (clocked by sys_clk_pin) and padding_unit_main/wait_after_write_reg[24]/CE (clocked by sys_clk_pin). Large setup violations at the end of those stages might be difficult to fix during the post-placement implementation flow and could be the result of non-optimal XDC constraints or non-optimal design architecture
Related violations: <none>

TIMING-16#155 Warning
Large setup violation  
There is a large setup violation of -12.122 ns between padding_unit_main/countplusone_reg[0]/C (clocked by sys_clk_pin) and padding_unit_main/wait_after_write_reg[28]/CE (clocked by sys_clk_pin). Large setup violations at the end of those stages might be difficult to fix during the post-placement implementation flow and could be the result of non-optimal XDC constraints or non-optimal design architecture
Related violations: <none>

TIMING-16#156 Warning
Large setup violation  
There is a large setup violation of -12.122 ns between padding_unit_main/countplusone_reg[0]/C (clocked by sys_clk_pin) and padding_unit_main/wait_after_write_reg[29]/CE (clocked by sys_clk_pin). Large setup violations at the end of those stages might be difficult to fix during the post-placement implementation flow and could be the result of non-optimal XDC constraints or non-optimal design architecture
Related violations: <none>

TIMING-16#157 Warning
Large setup violation  
There is a large setup violation of -12.122 ns between padding_unit_main/countplusone_reg[0]/C (clocked by sys_clk_pin) and padding_unit_main/wait_after_write_reg[30]/CE (clocked by sys_clk_pin). Large setup violations at the end of those stages might be difficult to fix during the post-placement implementation flow and could be the result of non-optimal XDC constraints or non-optimal design architecture
Related violations: <none>

TIMING-16#158 Warning
Large setup violation  
There is a large setup violation of -12.122 ns between padding_unit_main/countplusone_reg[0]/C (clocked by sys_clk_pin) and padding_unit_main/wait_after_write_reg[31]/CE (clocked by sys_clk_pin). Large setup violations at the end of those stages might be difficult to fix during the post-placement implementation flow and could be the result of non-optimal XDC constraints or non-optimal design architecture
Related violations: <none>

TIMING-16#159 Warning
Large setup violation  
There is a large setup violation of -12.128 ns between padding_unit_main/countplusone_reg[0]/C (clocked by sys_clk_pin) and padding_unit_main/padi_dina_out_reg[0]/R (clocked by sys_clk_pin). Large setup violations at the end of those stages might be difficult to fix during the post-placement implementation flow and could be the result of non-optimal XDC constraints or non-optimal design architecture
Related violations: <none>

TIMING-16#160 Warning
Large setup violation  
There is a large setup violation of -12.128 ns between padding_unit_main/countplusone_reg[0]/C (clocked by sys_clk_pin) and padding_unit_main/padi_dina_out_reg[1]/R (clocked by sys_clk_pin). Large setup violations at the end of those stages might be difficult to fix during the post-placement implementation flow and could be the result of non-optimal XDC constraints or non-optimal design architecture
Related violations: <none>

TIMING-16#161 Warning
Large setup violation  
There is a large setup violation of -12.128 ns between padding_unit_main/countplusone_reg[0]/C (clocked by sys_clk_pin) and padding_unit_main/padi_dina_out_reg[2]/R (clocked by sys_clk_pin). Large setup violations at the end of those stages might be difficult to fix during the post-placement implementation flow and could be the result of non-optimal XDC constraints or non-optimal design architecture
Related violations: <none>

TIMING-16#162 Warning
Large setup violation  
There is a large setup violation of -12.128 ns between padding_unit_main/countplusone_reg[0]/C (clocked by sys_clk_pin) and padding_unit_main/padi_dina_out_reg[3]/R (clocked by sys_clk_pin). Large setup violations at the end of those stages might be difficult to fix during the post-placement implementation flow and could be the result of non-optimal XDC constraints or non-optimal design architecture
Related violations: <none>

TIMING-16#163 Warning
Large setup violation  
There is a large setup violation of -12.132 ns between padding_unit_main/countplusone_reg[0]/C (clocked by sys_clk_pin) and padding_unit_main/padi_dina_out_reg[4]/R (clocked by sys_clk_pin). Large setup violations at the end of those stages might be difficult to fix during the post-placement implementation flow and could be the result of non-optimal XDC constraints or non-optimal design architecture
Related violations: <none>

TIMING-16#164 Warning
Large setup violation  
There is a large setup violation of -12.132 ns between padding_unit_main/countplusone_reg[0]/C (clocked by sys_clk_pin) and padding_unit_main/padi_dina_out_reg[5]/R (clocked by sys_clk_pin). Large setup violations at the end of those stages might be difficult to fix during the post-placement implementation flow and could be the result of non-optimal XDC constraints or non-optimal design architecture
Related violations: <none>

TIMING-16#165 Warning
Large setup violation  
There is a large setup violation of -12.132 ns between padding_unit_main/countplusone_reg[0]/C (clocked by sys_clk_pin) and padding_unit_main/padi_dina_out_reg[6]/R (clocked by sys_clk_pin). Large setup violations at the end of those stages might be difficult to fix during the post-placement implementation flow and could be the result of non-optimal XDC constraints or non-optimal design architecture
Related violations: <none>

TIMING-16#166 Warning
Large setup violation  
There is a large setup violation of -12.132 ns between padding_unit_main/countplusone_reg[0]/C (clocked by sys_clk_pin) and padding_unit_main/padi_dina_out_reg[7]/R (clocked by sys_clk_pin). Large setup violations at the end of those stages might be difficult to fix during the post-placement implementation flow and could be the result of non-optimal XDC constraints or non-optimal design architecture
Related violations: <none>

TIMING-16#167 Warning
Large setup violation  
There is a large setup violation of -12.150 ns between padding_unit_main/countplusone_reg[0]/C (clocked by sys_clk_pin) and padding_unit_main/countinput_reg[12]/CE (clocked by sys_clk_pin). Large setup violations at the end of those stages might be difficult to fix during the post-placement implementation flow and could be the result of non-optimal XDC constraints or non-optimal design architecture
Related violations: <none>

TIMING-16#168 Warning
Large setup violation  
There is a large setup violation of -12.150 ns between padding_unit_main/countplusone_reg[0]/C (clocked by sys_clk_pin) and padding_unit_main/countinput_reg[13]/CE (clocked by sys_clk_pin). Large setup violations at the end of those stages might be difficult to fix during the post-placement implementation flow and could be the result of non-optimal XDC constraints or non-optimal design architecture
Related violations: <none>

TIMING-16#169 Warning
Large setup violation  
There is a large setup violation of -12.150 ns between padding_unit_main/countplusone_reg[0]/C (clocked by sys_clk_pin) and padding_unit_main/wait_after_write_reg[15]/CE (clocked by sys_clk_pin). Large setup violations at the end of those stages might be difficult to fix during the post-placement implementation flow and could be the result of non-optimal XDC constraints or non-optimal design architecture
Related violations: <none>

TIMING-16#170 Warning
Large setup violation  
There is a large setup violation of -12.150 ns between padding_unit_main/countplusone_reg[0]/C (clocked by sys_clk_pin) and padding_unit_main/wait_after_write_reg[16]/CE (clocked by sys_clk_pin). Large setup violations at the end of those stages might be difficult to fix during the post-placement implementation flow and could be the result of non-optimal XDC constraints or non-optimal design architecture
Related violations: <none>

TIMING-16#171 Warning
Large setup violation  
There is a large setup violation of -12.228 ns between padding_unit_main/countplusone_reg[0]/C (clocked by sys_clk_pin) and padding_unit_main/wait_after_write_reg[18]/CE (clocked by sys_clk_pin). Large setup violations at the end of those stages might be difficult to fix during the post-placement implementation flow and could be the result of non-optimal XDC constraints or non-optimal design architecture
Related violations: <none>

TIMING-16#172 Warning
Large setup violation  
There is a large setup violation of -12.228 ns between padding_unit_main/countplusone_reg[0]/C (clocked by sys_clk_pin) and padding_unit_main/wait_after_write_reg[22]/CE (clocked by sys_clk_pin). Large setup violations at the end of those stages might be difficult to fix during the post-placement implementation flow and could be the result of non-optimal XDC constraints or non-optimal design architecture
Related violations: <none>

TIMING-16#173 Warning
Large setup violation  
There is a large setup violation of -12.228 ns between padding_unit_main/countplusone_reg[0]/C (clocked by sys_clk_pin) and padding_unit_main/wait_after_write_reg[23]/CE (clocked by sys_clk_pin). Large setup violations at the end of those stages might be difficult to fix during the post-placement implementation flow and could be the result of non-optimal XDC constraints or non-optimal design architecture
Related violations: <none>

TIMING-16#174 Warning
Large setup violation  
There is a large setup violation of -12.228 ns between padding_unit_main/countplusone_reg[0]/C (clocked by sys_clk_pin) and padding_unit_main/wait_after_write_reg[25]/CE (clocked by sys_clk_pin). Large setup violations at the end of those stages might be difficult to fix during the post-placement implementation flow and could be the result of non-optimal XDC constraints or non-optimal design architecture
Related violations: <none>

TIMING-16#175 Warning
Large setup violation  
There is a large setup violation of -12.228 ns between padding_unit_main/countplusone_reg[0]/C (clocked by sys_clk_pin) and padding_unit_main/wait_after_write_reg[26]/CE (clocked by sys_clk_pin). Large setup violations at the end of those stages might be difficult to fix during the post-placement implementation flow and could be the result of non-optimal XDC constraints or non-optimal design architecture
Related violations: <none>

TIMING-16#176 Warning
Large setup violation  
There is a large setup violation of -12.228 ns between padding_unit_main/countplusone_reg[0]/C (clocked by sys_clk_pin) and padding_unit_main/wait_after_write_reg[27]/CE (clocked by sys_clk_pin). Large setup violations at the end of those stages might be difficult to fix during the post-placement implementation flow and could be the result of non-optimal XDC constraints or non-optimal design architecture
Related violations: <none>

TIMING-16#177 Warning
Large setup violation  
There is a large setup violation of -12.290 ns between padding_unit_main/countplusone_reg[0]/C (clocked by sys_clk_pin) and padding_unit_main/countinput_reg[10]/CE (clocked by sys_clk_pin). Large setup violations at the end of those stages might be difficult to fix during the post-placement implementation flow and could be the result of non-optimal XDC constraints or non-optimal design architecture
Related violations: <none>

TIMING-16#178 Warning
Large setup violation  
There is a large setup violation of -12.290 ns between padding_unit_main/countplusone_reg[0]/C (clocked by sys_clk_pin) and padding_unit_main/countinput_reg[11]/CE (clocked by sys_clk_pin). Large setup violations at the end of those stages might be difficult to fix during the post-placement implementation flow and could be the result of non-optimal XDC constraints or non-optimal design architecture
Related violations: <none>

TIMING-16#179 Warning
Large setup violation  
There is a large setup violation of -12.290 ns between padding_unit_main/countplusone_reg[0]/C (clocked by sys_clk_pin) and padding_unit_main/countinput_reg[8]/CE (clocked by sys_clk_pin). Large setup violations at the end of those stages might be difficult to fix during the post-placement implementation flow and could be the result of non-optimal XDC constraints or non-optimal design architecture
Related violations: <none>

TIMING-16#180 Warning
Large setup violation  
There is a large setup violation of -12.290 ns between padding_unit_main/countplusone_reg[0]/C (clocked by sys_clk_pin) and padding_unit_main/countinput_reg[9]/CE (clocked by sys_clk_pin). Large setup violations at the end of those stages might be difficult to fix during the post-placement implementation flow and could be the result of non-optimal XDC constraints or non-optimal design architecture
Related violations: <none>

TIMING-16#181 Warning
Large setup violation  
There is a large setup violation of -12.293 ns between padding_unit_main/countplusone_reg[0]/C (clocked by sys_clk_pin) and padding_unit_main/countinput_reg[4]/CE (clocked by sys_clk_pin). Large setup violations at the end of those stages might be difficult to fix during the post-placement implementation flow and could be the result of non-optimal XDC constraints or non-optimal design architecture
Related violations: <none>

TIMING-16#182 Warning
Large setup violation  
There is a large setup violation of -12.293 ns between padding_unit_main/countplusone_reg[0]/C (clocked by sys_clk_pin) and padding_unit_main/countinput_reg[5]/CE (clocked by sys_clk_pin). Large setup violations at the end of those stages might be difficult to fix during the post-placement implementation flow and could be the result of non-optimal XDC constraints or non-optimal design architecture
Related violations: <none>

TIMING-16#183 Warning
Large setup violation  
There is a large setup violation of -12.293 ns between padding_unit_main/countplusone_reg[0]/C (clocked by sys_clk_pin) and padding_unit_main/countinput_reg[6]/CE (clocked by sys_clk_pin). Large setup violations at the end of those stages might be difficult to fix during the post-placement implementation flow and could be the result of non-optimal XDC constraints or non-optimal design architecture
Related violations: <none>

TIMING-16#184 Warning
Large setup violation  
There is a large setup violation of -12.293 ns between padding_unit_main/countplusone_reg[0]/C (clocked by sys_clk_pin) and padding_unit_main/countinput_reg[7]/CE (clocked by sys_clk_pin). Large setup violations at the end of those stages might be difficult to fix during the post-placement implementation flow and could be the result of non-optimal XDC constraints or non-optimal design architecture
Related violations: <none>

TIMING-16#185 Warning
Large setup violation  
There is a large setup violation of -12.395 ns between padding_unit_main/countplusone_reg[0]/C (clocked by sys_clk_pin) and padding_unit_main/countinput_reg[0]/CE (clocked by sys_clk_pin). Large setup violations at the end of those stages might be difficult to fix during the post-placement implementation flow and could be the result of non-optimal XDC constraints or non-optimal design architecture
Related violations: <none>

TIMING-16#186 Warning
Large setup violation  
There is a large setup violation of -12.395 ns between padding_unit_main/countplusone_reg[0]/C (clocked by sys_clk_pin) and padding_unit_main/countinput_reg[1]/CE (clocked by sys_clk_pin). Large setup violations at the end of those stages might be difficult to fix during the post-placement implementation flow and could be the result of non-optimal XDC constraints or non-optimal design architecture
Related violations: <none>

TIMING-16#187 Warning
Large setup violation  
There is a large setup violation of -12.395 ns between padding_unit_main/countplusone_reg[0]/C (clocked by sys_clk_pin) and padding_unit_main/countinput_reg[2]/CE (clocked by sys_clk_pin). Large setup violations at the end of those stages might be difficult to fix during the post-placement implementation flow and could be the result of non-optimal XDC constraints or non-optimal design architecture
Related violations: <none>

TIMING-16#188 Warning
Large setup violation  
There is a large setup violation of -12.395 ns between padding_unit_main/countplusone_reg[0]/C (clocked by sys_clk_pin) and padding_unit_main/countinput_reg[3]/CE (clocked by sys_clk_pin). Large setup violations at the end of those stages might be difficult to fix during the post-placement implementation flow and could be the result of non-optimal XDC constraints or non-optimal design architecture
Related violations: <none>

TIMING-16#189 Warning
Large setup violation  
There is a large setup violation of -50.673 ns between convolution_component_main/kernal_component_1/dataout0_reg[3]/C (clocked by sys_clk_pin) and convolution_component_main/sort_component_1/out_pixel_reg[0]/D (clocked by sys_clk_pin). Large setup violations at the end of those stages might be difficult to fix during the post-placement implementation flow and could be the result of non-optimal XDC constraints or non-optimal design architecture
Related violations: <none>

TIMING-16#190 Warning
Large setup violation  
There is a large setup violation of -50.682 ns between convolution_component_main/kernal_component_1/dataout0_reg[3]/C (clocked by sys_clk_pin) and convolution_component_main/sort_component_1/out_pixel_reg[1]/D (clocked by sys_clk_pin). Large setup violations at the end of those stages might be difficult to fix during the post-placement implementation flow and could be the result of non-optimal XDC constraints or non-optimal design architecture
Related violations: <none>

TIMING-16#191 Warning
Large setup violation  
There is a large setup violation of -50.687 ns between convolution_component_main/kernal_component_1/dataout0_reg[3]/C (clocked by sys_clk_pin) and convolution_component_main/sort_component_1/out_pixel_reg[5]/D (clocked by sys_clk_pin). Large setup violations at the end of those stages might be difficult to fix during the post-placement implementation flow and could be the result of non-optimal XDC constraints or non-optimal design architecture
Related violations: <none>

TIMING-16#192 Warning
Large setup violation  
There is a large setup violation of -50.744 ns between convolution_component_main/kernal_component_1/dataout0_reg[3]/C (clocked by sys_clk_pin) and convolution_component_main/sort_component_1/out_pixel_reg[2]/D (clocked by sys_clk_pin). Large setup violations at the end of those stages might be difficult to fix during the post-placement implementation flow and could be the result of non-optimal XDC constraints or non-optimal design architecture
Related violations: <none>

TIMING-16#193 Warning
Large setup violation  
There is a large setup violation of -50.757 ns between convolution_component_main/kernal_component_1/dataout0_reg[3]/C (clocked by sys_clk_pin) and convolution_component_main/sort_component_1/out_pixel_reg[7]/D (clocked by sys_clk_pin). Large setup violations at the end of those stages might be difficult to fix during the post-placement implementation flow and could be the result of non-optimal XDC constraints or non-optimal design architecture
Related violations: <none>

TIMING-16#194 Warning
Large setup violation  
There is a large setup violation of -50.967 ns between convolution_component_main/kernal_component_1/dataout0_reg[3]/C (clocked by sys_clk_pin) and convolution_component_main/sort_component_1/out_pixel_reg[4]/D (clocked by sys_clk_pin). Large setup violations at the end of those stages might be difficult to fix during the post-placement implementation flow and could be the result of non-optimal XDC constraints or non-optimal design architecture
Related violations: <none>

TIMING-16#195 Warning
Large setup violation  
There is a large setup violation of -50.968 ns between convolution_component_main/kernal_component_1/dataout0_reg[3]/C (clocked by sys_clk_pin) and convolution_component_main/sort_component_1/out_pixel_reg[3]/D (clocked by sys_clk_pin). Large setup violations at the end of those stages might be difficult to fix during the post-placement implementation flow and could be the result of non-optimal XDC constraints or non-optimal design architecture
Related violations: <none>

TIMING-16#196 Warning
Large setup violation  
There is a large setup violation of -50.970 ns between convolution_component_main/kernal_component_1/dataout0_reg[3]/C (clocked by sys_clk_pin) and convolution_component_main/sort_component_1/out_pixel_reg[6]/D (clocked by sys_clk_pin). Large setup violations at the end of those stages might be difficult to fix during the post-placement implementation flow and could be the result of non-optimal XDC constraints or non-optimal design architecture
Related violations: <none>

TIMING-18#1 Warning
Missing input or output delay  
An input delay is missing on main_rst_n relative to clock(s) sys_clk_pin
Related violations: <none>

TIMING-18#2 Warning
Missing input or output delay  
An input delay is missing on rx relative to clock(s) sys_clk_pin
Related violations: <none>

TIMING-18#3 Warning
Missing input or output delay  
An input delay is missing on start_in relative to clock(s) sys_clk_pin
Related violations: <none>

TIMING-18#4 Warning
Missing input or output delay  
An output delay is missing on finished_out relative to clock(s) sys_clk_pin
Related violations: <none>

TIMING-18#5 Warning
Missing input or output delay  
An output delay is missing on main_convolve_led_out relative to clock(s) sys_clk_pin
Related violations: <none>

TIMING-18#6 Warning
Missing input or output delay  
An output delay is missing on main_idel_led_out relative to clock(s) sys_clk_pin
Related violations: <none>

TIMING-18#7 Warning
Missing input or output delay  
An output delay is missing on main_padding_led_out relative to clock(s) sys_clk_pin
Related violations: <none>

TIMING-18#8 Warning
Missing input or output delay  
An output delay is missing on main_receiving_led_out relative to clock(s) sys_clk_pin
Related violations: <none>

TIMING-18#9 Warning
Missing input or output delay  
An output delay is missing on main_sending_led_out relative to clock(s) sys_clk_pin
Related violations: <none>

TIMING-18#10 Warning
Missing input or output delay  
An output delay is missing on tx relative to clock(s) sys_clk_pin
Related violations: <none>


