#-----------------------------------------------------------
# Vivado v2019.2 (64-bit)
# SW Build 2708876 on Wed Nov  6 21:40:23 MST 2019
# IP Build 2700528 on Thu Nov  7 00:09:20 MST 2019
# Start of session at: Mon Sep 21 20:17:17 2020
# Process ID: 89784
# Current directory: F:/Semester 7/HDL/project/Median_Filter_For_SandPNoice
# Command line: vivado.exe -gui_launcher_event rodinguilauncherevent17324 F:\Semester 7\HDL\project\Median_Filter_For_SandPNoice\Median_Filter_For_SandPNoice.xpr
# Log file: F:/Semester 7/HDL/project/Median_Filter_For_SandPNoice/vivado.log
# Journal file: F:/Semester 7/HDL/project/Median_Filter_For_SandPNoice\vivado.jou
#-----------------------------------------------------------
start_gui
open_project {F:/Semester 7/HDL/project/Median_Filter_For_SandPNoice/Median_Filter_For_SandPNoice.xpr}
INFO: [Project 1-313] Project file moved from 'F:/vivado_work/Median_Filter_For_SandPNoice' since last save.
Scanning sources...
Finished scanning sources
CRITICAL WARNING: [Board 49-67] The board_part definition was not found for digilentinc.com:basys3:part0:1.1. This can happen sometimes when you use custom board part. You can resolve this issue by setting 'board.repoPaths' parameter, pointing to the location of custom board files. Valid board_part values can be retrieved with the 'get_board_parts' Tcl command.
INFO: [IP_Flow 19-234] Refreshing IP repositories
INFO: [IP_Flow 19-1704] No user IP repositories specified
INFO: [IP_Flow 19-2313] Loaded Vivado IP repository 'C:/Xilinx/Vivado/2019.2/data/ip'.
WARNING: [IP_Flow 19-2162] IP 'uartlite' is locked:
* This IP has board specific outputs. Current project board 'unset' and the board 'digilentinc.com:basys3:part0:1.1' used to customize the IP 'uartlite' do not match.
open_project: Time (s): cpu = 00:00:28 ; elapsed = 00:00:17 . Memory (MB): peak = 745.902 ; gain = 102.773
update_compile_order -fileset sources_1
reset_run impl_1
WARNING: [Vivado 12-1017] Problems encountered:
1. Process appears to be on host 'CHIRANTHANA-PC' and cannot be killed from host 'DESKTOP-7FBAGUN'

reset_run synth_1
launch_runs synth_1 -jobs 2
[Mon Sep 21 20:28:21 2020] Launched synth_1...
Run output will be captured here: F:/Semester 7/HDL/project/Median_Filter_For_SandPNoice/Median_Filter_For_SandPNoice.runs/synth_1/runme.log
reset_run synth_1
launch_runs synth_1 -jobs 2
[Mon Sep 21 21:14:25 2020] Launched synth_1...
Run output will be captured here: F:/Semester 7/HDL/project/Median_Filter_For_SandPNoice/Median_Filter_For_SandPNoice.runs/synth_1/runme.log
reset_run synth_1
launch_runs synth_1 -jobs 2
[Mon Sep 21 21:17:51 2020] Launched synth_1...
Run output will be captured here: F:/Semester 7/HDL/project/Median_Filter_For_SandPNoice/Median_Filter_For_SandPNoice.runs/synth_1/runme.log
reset_run synth_1
launch_runs synth_1 -jobs 2
[Mon Sep 21 21:19:11 2020] Launched synth_1...
Run output will be captured here: F:/Semester 7/HDL/project/Median_Filter_For_SandPNoice/Median_Filter_For_SandPNoice.runs/synth_1/runme.log
reset_run synth_1
launch_runs synth_1 -jobs 2
[Mon Sep 21 21:43:45 2020] Launched synth_1...
Run output will be captured here: F:/Semester 7/HDL/project/Median_Filter_For_SandPNoice/Median_Filter_For_SandPNoice.runs/synth_1/runme.log
reset_run synth_1
launch_runs synth_1 -jobs 2
[Mon Sep 21 22:12:15 2020] Launched synth_1...
Run output will be captured here: F:/Semester 7/HDL/project/Median_Filter_For_SandPNoice/Median_Filter_For_SandPNoice.runs/synth_1/runme.log
reset_run synth_1
launch_runs synth_1 -jobs 2
[Mon Sep 21 22:22:12 2020] Launched synth_1...
Run output will be captured here: F:/Semester 7/HDL/project/Median_Filter_For_SandPNoice/Median_Filter_For_SandPNoice.runs/synth_1/runme.log
reset_run synth_1
launch_runs synth_1 -jobs 2
[Mon Sep 21 22:45:33 2020] Launched synth_1...
Run output will be captured here: F:/Semester 7/HDL/project/Median_Filter_For_SandPNoice/Median_Filter_For_SandPNoice.runs/synth_1/runme.log
reset_run synth_1
launch_runs synth_1 -jobs 2
[Mon Sep 21 22:57:52 2020] Launched synth_1...
Run output will be captured here: F:/Semester 7/HDL/project/Median_Filter_For_SandPNoice/Median_Filter_For_SandPNoice.runs/synth_1/runme.log
launch_runs: Time (s): cpu = 00:00:00 ; elapsed = 00:00:07 . Memory (MB): peak = 865.730 ; gain = 0.000
launch_simulation
Command: launch_simulation 
INFO: [Vivado 12-5698] Checking validity of IPs in the design for the 'XSim' simulator...
INFO: [Vivado 12-5682] Launching behavioral simulation in 'F:/Semester 7/HDL/project/Median_Filter_For_SandPNoice/Median_Filter_For_SandPNoice.sim/sim_1/behav/xsim'
INFO: [Vivado 12-4795] Using compiled simulation libraries for IPs
INFO: [SIM-utils-51] Simulation object is 'sim_1'
INFO: [USF-XSim-7] Finding pre-compiled libraries...
INFO: [USF-XSim-11] File 'C:/Xilinx/Vivado/2019.2/data/xsim/xsim.ini' copied to run dir:'F:/Semester 7/HDL/project/Median_Filter_For_SandPNoice/Median_Filter_For_SandPNoice.sim/sim_1/behav/xsim'
INFO: [SIM-utils-54] Inspecting design source files for 'main_component' in fileset 'sim_1'...
INFO: [USF-XSim-97] Finding global include files...
INFO: [USF-XSim-98] Fetching design files from 'sim_1'...
INFO: [USF-XSim-2] XSim::Compile design
INFO: [USF-XSim-61] Executing 'COMPILE and ANALYZE' step in 'F:/Semester 7/HDL/project/Median_Filter_For_SandPNoice/Median_Filter_For_SandPNoice.sim/sim_1/behav/xsim'
"xvlog --incr --relax -prj main_component_vlog.prj"
INFO: [VRFC 10-2263] Analyzing Verilog file "F:/Semester 7/HDL/project/Median_Filter_For_SandPNoice/Median_Filter_For_SandPNoice.srcs/sources_1/ip/padd_ram/sim/padd_ram.v" into library xil_defaultlib
INFO: [VRFC 10-311] analyzing module padd_ram
INFO: [VRFC 10-2263] Analyzing Verilog file "F:/Semester 7/HDL/project/Median_Filter_For_SandPNoice/Median_Filter_For_SandPNoice.srcs/sources_1/ip/io_ram/sim/io_ram.v" into library xil_defaultlib
INFO: [VRFC 10-311] analyzing module io_ram
INFO: [VRFC 10-2263] Analyzing Verilog file "F:/Semester 7/HDL/project/Median_Filter_For_SandPNoice/Median_Filter_For_SandPNoice.sim/sim_1/behav/xsim/glbl.v" into library xil_defaultlib
INFO: [VRFC 10-311] analyzing module glbl
"xvhdl --incr --relax -prj main_component_vhdl.prj"
INFO: [VRFC 10-163] Analyzing VHDL file "F:/Semester 7/HDL/project/Median_Filter_For_SandPNoice/Median_Filter_For_SandPNoice.ip_user_files/ipstatic/hdl/axi_lite_ipif_v3_0_vh_rfs.vhd" into library axi_lite_ipif_v3_0_4
INFO: [VRFC 10-3107] analyzing entity 'pselect_f'
INFO: [VRFC 10-3107] analyzing entity 'address_decoder'
INFO: [VRFC 10-3107] analyzing entity 'slave_attachment'
INFO: [VRFC 10-3107] analyzing entity 'axi_lite_ipif'
INFO: [VRFC 10-163] Analyzing VHDL file "F:/Semester 7/HDL/project/Median_Filter_For_SandPNoice/Median_Filter_For_SandPNoice.ip_user_files/ipstatic/hdl/lib_pkg_v1_0_rfs.vhd" into library lib_pkg_v1_0_2
INFO: [VRFC 10-163] Analyzing VHDL file "F:/Semester 7/HDL/project/Median_Filter_For_SandPNoice/Median_Filter_For_SandPNoice.ip_user_files/ipstatic/hdl/lib_srl_fifo_v1_0_rfs.vhd" into library lib_srl_fifo_v1_0_2
INFO: [VRFC 10-3107] analyzing entity 'cntr_incr_decr_addn_f'
INFO: [VRFC 10-3107] analyzing entity 'dynshreg_f'
INFO: [VRFC 10-3107] analyzing entity 'srl_fifo_rbu_f'
INFO: [VRFC 10-3107] analyzing entity 'srl_fifo_f'
INFO: [VRFC 10-163] Analyzing VHDL file "F:/Semester 7/HDL/project/Median_Filter_For_SandPNoice/Median_Filter_For_SandPNoice.ip_user_files/ipstatic/hdl/lib_cdc_v1_0_rfs.vhd" into library lib_cdc_v1_0_2
INFO: [VRFC 10-3107] analyzing entity 'cdc_sync'
INFO: [VRFC 10-163] Analyzing VHDL file "F:/Semester 7/HDL/project/Median_Filter_For_SandPNoice/Median_Filter_For_SandPNoice.ip_user_files/ipstatic/hdl/axi_uartlite_v2_0_vh_rfs.vhd" into library axi_uartlite_v2_0_24
INFO: [VRFC 10-3107] analyzing entity 'dynshreg_i_f'
INFO: [VRFC 10-3107] analyzing entity 'uartlite_tx'
INFO: [VRFC 10-3107] analyzing entity 'uartlite_rx'
INFO: [VRFC 10-3107] analyzing entity 'baudrate'
INFO: [VRFC 10-3107] analyzing entity 'uartlite_core'
INFO: [VRFC 10-3107] analyzing entity 'axi_uartlite'
INFO: [VRFC 10-163] Analyzing VHDL file "F:/Semester 7/HDL/project/Median_Filter_For_SandPNoice/Median_Filter_For_SandPNoice.srcs/sources_1/ip/uartlite/sim/uartlite.vhd" into library xil_defaultlib
INFO: [VRFC 10-3107] analyzing entity 'uartlite'
INFO: [VRFC 10-163] Analyzing VHDL file "F:/Semester 7/HDL/project/Median_Filter_For_SandPNoice/Median_Filter_For_SandPNoice.srcs/sources_1/new/convolution_component.vhd" into library xil_defaultlib
INFO: [VRFC 10-3107] analyzing entity 'convolution_component'
INFO: [VRFC 10-163] Analyzing VHDL file "F:/Semester 7/HDL/project/Median_Filter_For_SandPNoice/Median_Filter_For_SandPNoice.srcs/sources_1/new/kernel_component.vhd" into library xil_defaultlib
INFO: [VRFC 10-3107] analyzing entity 'kernel_component'
INFO: [VRFC 10-163] Analyzing VHDL file "F:/Semester 7/HDL/project/Median_Filter_For_SandPNoice/Median_Filter_For_SandPNoice.srcs/sources_1/new/padding_component.vhd" into library xil_defaultlib
INFO: [VRFC 10-3107] analyzing entity 'padding_component'
INFO: [VRFC 10-163] Analyzing VHDL file "F:/Semester 7/HDL/project/Median_Filter_For_SandPNoice/Median_Filter_For_SandPNoice.srcs/sources_1/new/signal_selection_component.vhd" into library xil_defaultlib
INFO: [VRFC 10-3107] analyzing entity 'signal_selection_component'
INFO: [VRFC 10-163] Analyzing VHDL file "F:/Semester 7/HDL/project/Median_Filter_For_SandPNoice/Median_Filter_For_SandPNoice.srcs/sources_1/new/sort_component.vhd" into library xil_defaultlib
INFO: [VRFC 10-3107] analyzing entity 'sort_component'
INFO: [VRFC 10-163] Analyzing VHDL file "F:/Semester 7/HDL/project/Median_Filter_For_SandPNoice/Median_Filter_For_SandPNoice.srcs/sources_1/new/state_control_component.vhd" into library xil_defaultlib
INFO: [VRFC 10-3107] analyzing entity 'state_control_component'
INFO: [VRFC 10-163] Analyzing VHDL file "F:/Semester 7/HDL/project/Median_Filter_For_SandPNoice/Median_Filter_For_SandPNoice.srcs/sources_1/new/uart_commi_component.vhd" into library xil_defaultlib
INFO: [VRFC 10-3107] analyzing entity 'uart_commi_component'
INFO: [VRFC 10-163] Analyzing VHDL file "F:/Semester 7/HDL/project/Median_Filter_For_SandPNoice/Median_Filter_For_SandPNoice.srcs/sources_1/new/main_component.vhd" into library xil_defaultlib
INFO: [VRFC 10-3107] analyzing entity 'main_component'
run_program: Time (s): cpu = 00:00:00 ; elapsed = 00:00:08 . Memory (MB): peak = 865.730 ; gain = 0.000
INFO: [USF-XSim-69] 'compile' step finished in '8' seconds
INFO: [USF-XSim-3] XSim::Elaborate design
INFO: [USF-XSim-61] Executing 'ELABORATE' step in 'F:/Semester 7/HDL/project/Median_Filter_For_SandPNoice/Median_Filter_For_SandPNoice.sim/sim_1/behav/xsim'
"xelab -wto 346904a4b4e64b0bad82b581b8b9d543 --incr --debug typical --relax --mt 2 -L axi_lite_ipif_v3_0_4 -L lib_pkg_v1_0_2 -L lib_srl_fifo_v1_0_2 -L lib_cdc_v1_0_2 -L axi_uartlite_v2_0_24 -L xil_defaultlib -L blk_mem_gen_v8_4_4 -L unisims_ver -L unimacro_ver -L secureip -L xpm --snapshot main_component_behav xil_defaultlib.main_component xil_defaultlib.glbl -log elaborate.log"
Vivado Simulator 2019.2
Copyright 1986-1999, 2001-2019 Xilinx, Inc. All Rights Reserved.
Running: C:/Xilinx/Vivado/2019.2/bin/unwrapped/win64.o/xelab.exe -wto 346904a4b4e64b0bad82b581b8b9d543 --incr --debug typical --relax --mt 2 -L axi_lite_ipif_v3_0_4 -L lib_pkg_v1_0_2 -L lib_srl_fifo_v1_0_2 -L lib_cdc_v1_0_2 -L axi_uartlite_v2_0_24 -L xil_defaultlib -L blk_mem_gen_v8_4_4 -L unisims_ver -L unimacro_ver -L secureip -L xpm --snapshot main_component_behav xil_defaultlib.main_component xil_defaultlib.glbl -log elaborate.log 
Using 2 slave threads.
Starting static elaboration
Pass Through NonSizing Optimizer
ERROR: [VRFC 10-3146] binding entity 'sort_component' does not have generic 'addr_bit_size' [F:/Semester 7/HDL/project/Median_Filter_For_SandPNoice/Median_Filter_For_SandPNoice.srcs/sources_1/new/convolution_component.vhd:53]
ERROR: [VRFC 10-3146] binding entity 'sort_component' does not have generic 'data_bit_size' [F:/Semester 7/HDL/project/Median_Filter_For_SandPNoice/Median_Filter_For_SandPNoice.srcs/sources_1/new/convolution_component.vhd:54]
ERROR: [XSIM 43-3322] Static elaboration of top level Verilog design unit(s) in library work failed.
INFO: [USF-XSim-69] 'elaborate' step finished in '3' seconds
INFO: [USF-XSim-99] Step results log file:'F:/Semester 7/HDL/project/Median_Filter_For_SandPNoice/Median_Filter_For_SandPNoice.sim/sim_1/behav/xsim/elaborate.log'
ERROR: [USF-XSim-62] 'elaborate' step failed with error(s). Please check the Tcl console output or 'F:/Semester 7/HDL/project/Median_Filter_For_SandPNoice/Median_Filter_For_SandPNoice.sim/sim_1/behav/xsim/elaborate.log' file for more information.
ERROR: [Vivado 12-4473] Detected error while running simulation. Please correct the issue and retry this operation.
launch_simulation: Time (s): cpu = 00:00:01 ; elapsed = 00:00:24 . Memory (MB): peak = 865.730 ; gain = 0.000
ERROR: [Common 17-39] 'launch_simulation' failed due to earlier errors.
launch_simulation
Command: launch_simulation 
INFO: [Vivado 12-5698] Checking validity of IPs in the design for the 'XSim' simulator...
INFO: [Vivado 12-5682] Launching behavioral simulation in 'F:/Semester 7/HDL/project/Median_Filter_For_SandPNoice/Median_Filter_For_SandPNoice.sim/sim_1/behav/xsim'
INFO: [Vivado 12-4795] Using compiled simulation libraries for IPs
INFO: [SIM-utils-51] Simulation object is 'sim_1'
INFO: [USF-XSim-7] Finding pre-compiled libraries...
INFO: [USF-XSim-11] File 'C:/Xilinx/Vivado/2019.2/data/xsim/xsim.ini' copied to run dir:'F:/Semester 7/HDL/project/Median_Filter_For_SandPNoice/Median_Filter_For_SandPNoice.sim/sim_1/behav/xsim'
INFO: [SIM-utils-54] Inspecting design source files for 'main_component' in fileset 'sim_1'...
INFO: [USF-XSim-97] Finding global include files...
INFO: [USF-XSim-98] Fetching design files from 'sim_1'...
INFO: [USF-XSim-2] XSim::Compile design
INFO: [USF-XSim-61] Executing 'COMPILE and ANALYZE' step in 'F:/Semester 7/HDL/project/Median_Filter_For_SandPNoice/Median_Filter_For_SandPNoice.sim/sim_1/behav/xsim'
"xvlog --incr --relax -prj main_component_vlog.prj"
"xvhdl --incr --relax -prj main_component_vhdl.prj"
INFO: [USF-XSim-69] 'compile' step finished in '3' seconds
INFO: [USF-XSim-3] XSim::Elaborate design
INFO: [USF-XSim-61] Executing 'ELABORATE' step in 'F:/Semester 7/HDL/project/Median_Filter_For_SandPNoice/Median_Filter_For_SandPNoice.sim/sim_1/behav/xsim'
"xelab -wto 346904a4b4e64b0bad82b581b8b9d543 --incr --debug typical --relax --mt 2 -L axi_lite_ipif_v3_0_4 -L lib_pkg_v1_0_2 -L lib_srl_fifo_v1_0_2 -L lib_cdc_v1_0_2 -L axi_uartlite_v2_0_24 -L xil_defaultlib -L blk_mem_gen_v8_4_4 -L unisims_ver -L unimacro_ver -L secureip -L xpm --snapshot main_component_behav xil_defaultlib.main_component xil_defaultlib.glbl -log elaborate.log"
Vivado Simulator 2019.2
Copyright 1986-1999, 2001-2019 Xilinx, Inc. All Rights Reserved.
Running: C:/Xilinx/Vivado/2019.2/bin/unwrapped/win64.o/xelab.exe -wto 346904a4b4e64b0bad82b581b8b9d543 --incr --debug typical --relax --mt 2 -L axi_lite_ipif_v3_0_4 -L lib_pkg_v1_0_2 -L lib_srl_fifo_v1_0_2 -L lib_cdc_v1_0_2 -L axi_uartlite_v2_0_24 -L xil_defaultlib -L blk_mem_gen_v8_4_4 -L unisims_ver -L unimacro_ver -L secureip -L xpm --snapshot main_component_behav xil_defaultlib.main_component xil_defaultlib.glbl -log elaborate.log 
Using 2 slave threads.
Starting static elaboration
Pass Through NonSizing Optimizer
ERROR: [VRFC 10-3146] binding entity 'sort_component' does not have generic 'addr_bit_size' [F:/Semester 7/HDL/project/Median_Filter_For_SandPNoice/Median_Filter_For_SandPNoice.srcs/sources_1/new/convolution_component.vhd:53]
ERROR: [VRFC 10-3146] binding entity 'sort_component' does not have generic 'data_bit_size' [F:/Semester 7/HDL/project/Median_Filter_For_SandPNoice/Median_Filter_For_SandPNoice.srcs/sources_1/new/convolution_component.vhd:54]
ERROR: [XSIM 43-3322] Static elaboration of top level Verilog design unit(s) in library work failed.
INFO: [USF-XSim-69] 'elaborate' step finished in '2' seconds
INFO: [USF-XSim-99] Step results log file:'F:/Semester 7/HDL/project/Median_Filter_For_SandPNoice/Median_Filter_For_SandPNoice.sim/sim_1/behav/xsim/elaborate.log'
ERROR: [USF-XSim-62] 'elaborate' step failed with error(s). Please check the Tcl console output or 'F:/Semester 7/HDL/project/Median_Filter_For_SandPNoice/Median_Filter_For_SandPNoice.sim/sim_1/behav/xsim/elaborate.log' file for more information.
ERROR: [Vivado 12-4473] Detected error while running simulation. Please correct the issue and retry this operation.
launch_simulation: Time (s): cpu = 00:00:01 ; elapsed = 00:00:06 . Memory (MB): peak = 1081.891 ; gain = 0.000
ERROR: [Common 17-39] 'launch_simulation' failed due to earlier errors.
launch_simulation
Command: launch_simulation 
INFO: [Vivado 12-5698] Checking validity of IPs in the design for the 'XSim' simulator...
INFO: [Vivado 12-5682] Launching behavioral simulation in 'F:/Semester 7/HDL/project/Median_Filter_For_SandPNoice/Median_Filter_For_SandPNoice.sim/sim_1/behav/xsim'
INFO: [Vivado 12-4795] Using compiled simulation libraries for IPs
INFO: [SIM-utils-51] Simulation object is 'sim_1'
INFO: [USF-XSim-7] Finding pre-compiled libraries...
INFO: [USF-XSim-11] File 'C:/Xilinx/Vivado/2019.2/data/xsim/xsim.ini' copied to run dir:'F:/Semester 7/HDL/project/Median_Filter_For_SandPNoice/Median_Filter_For_SandPNoice.sim/sim_1/behav/xsim'
INFO: [SIM-utils-54] Inspecting design source files for 'main_component' in fileset 'sim_1'...
INFO: [USF-XSim-97] Finding global include files...
INFO: [USF-XSim-98] Fetching design files from 'sim_1'...
INFO: [USF-XSim-2] XSim::Compile design
INFO: [USF-XSim-61] Executing 'COMPILE and ANALYZE' step in 'F:/Semester 7/HDL/project/Median_Filter_For_SandPNoice/Median_Filter_For_SandPNoice.sim/sim_1/behav/xsim'
"xvlog --incr --relax -prj main_component_vlog.prj"
"xvhdl --incr --relax -prj main_component_vhdl.prj"
INFO: [USF-XSim-69] 'compile' step finished in '3' seconds
INFO: [USF-XSim-3] XSim::Elaborate design
INFO: [USF-XSim-61] Executing 'ELABORATE' step in 'F:/Semester 7/HDL/project/Median_Filter_For_SandPNoice/Median_Filter_For_SandPNoice.sim/sim_1/behav/xsim'
"xelab -wto 346904a4b4e64b0bad82b581b8b9d543 --incr --debug typical --relax --mt 2 -L axi_lite_ipif_v3_0_4 -L lib_pkg_v1_0_2 -L lib_srl_fifo_v1_0_2 -L lib_cdc_v1_0_2 -L axi_uartlite_v2_0_24 -L xil_defaultlib -L blk_mem_gen_v8_4_4 -L unisims_ver -L unimacro_ver -L secureip -L xpm --snapshot main_component_behav xil_defaultlib.main_component xil_defaultlib.glbl -log elaborate.log"
Vivado Simulator 2019.2
Copyright 1986-1999, 2001-2019 Xilinx, Inc. All Rights Reserved.
Running: C:/Xilinx/Vivado/2019.2/bin/unwrapped/win64.o/xelab.exe -wto 346904a4b4e64b0bad82b581b8b9d543 --incr --debug typical --relax --mt 2 -L axi_lite_ipif_v3_0_4 -L lib_pkg_v1_0_2 -L lib_srl_fifo_v1_0_2 -L lib_cdc_v1_0_2 -L axi_uartlite_v2_0_24 -L xil_defaultlib -L blk_mem_gen_v8_4_4 -L unisims_ver -L unimacro_ver -L secureip -L xpm --snapshot main_component_behav xil_defaultlib.main_component xil_defaultlib.glbl -log elaborate.log 
Using 2 slave threads.
Starting static elaboration
Pass Through NonSizing Optimizer
ERROR: [VRFC 10-3146] binding entity 'sort_component' does not have generic 'addr_bit_size' [F:/Semester 7/HDL/project/Median_Filter_For_SandPNoice/Median_Filter_For_SandPNoice.srcs/sources_1/new/convolution_component.vhd:53]
ERROR: [VRFC 10-3146] binding entity 'sort_component' does not have generic 'data_bit_size' [F:/Semester 7/HDL/project/Median_Filter_For_SandPNoice/Median_Filter_For_SandPNoice.srcs/sources_1/new/convolution_component.vhd:54]
ERROR: [XSIM 43-3322] Static elaboration of top level Verilog design unit(s) in library work failed.
INFO: [USF-XSim-69] 'elaborate' step finished in '2' seconds
INFO: [USF-XSim-99] Step results log file:'F:/Semester 7/HDL/project/Median_Filter_For_SandPNoice/Median_Filter_For_SandPNoice.sim/sim_1/behav/xsim/elaborate.log'
ERROR: [USF-XSim-62] 'elaborate' step failed with error(s). Please check the Tcl console output or 'F:/Semester 7/HDL/project/Median_Filter_For_SandPNoice/Median_Filter_For_SandPNoice.sim/sim_1/behav/xsim/elaborate.log' file for more information.
ERROR: [Vivado 12-4473] Detected error while running simulation. Please correct the issue and retry this operation.
launch_simulation: Time (s): cpu = 00:00:01 ; elapsed = 00:00:06 . Memory (MB): peak = 1081.891 ; gain = 0.000
ERROR: [Common 17-39] 'launch_simulation' failed due to earlier errors.
exit
INFO: [Common 17-206] Exiting Vivado at Tue Sep 22 00:04:01 2020...
