Vivado Simulator 2019.2
Copyright 1986-1999, 2001-2019 Xilinx, Inc. All Rights Reserved.
Running: F:/Xilinx/Vivado/2019.2/bin/unwrapped/win64.o/xelab.exe -wto 346904a4b4e64b0bad82b581b8b9d543 --incr --debug typical --relax --mt 2 -L blk_mem_gen_v8_4_4 -L xil_defaultlib -L unisims_ver -L unimacro_ver -L secureip -L xpm --snapshot convolution_componet_test_behav xil_defaultlib.convolution_componet_test xil_defaultlib.glbl -log elaborate.log 
Using 2 slave threads.
Starting static elaboration
Pass Through NonSizing Optimizer
Completed static elaboration
Starting simulation data flow analysis
Completed simulation data flow analysis
Time Resolution for simulation is 1ps
Compiling package std.standard
Compiling package std.textio
Compiling package ieee.std_logic_1164
Compiling package ieee.numeric_std
Compiling package ieee.std_logic_textio
Compiling package vl.vl_types
Compiling module xil_defaultlib.glbl
Compiling architecture behavioral of entity xil_defaultlib.kernel_component [kernel_component_default]
Compiling architecture behavioral of entity xil_defaultlib.sort_component [sort_component_default]
Compiling architecture behavioral of entity xil_defaultlib.convolution_component [convolution_component_default]
Compiling module blk_mem_gen_v8_4_4.blk_mem_gen_v8_4_4_output_stage(...
Compiling module blk_mem_gen_v8_4_4.blk_mem_gen_v8_4_4_output_stage(...
Compiling module blk_mem_gen_v8_4_4.blk_mem_gen_v8_4_4_softecc_outpu...
Compiling module blk_mem_gen_v8_4_4.blk_mem_gen_v8_4_4_mem_module(C_...
Compiling module blk_mem_gen_v8_4_4.blk_mem_gen_v8_4_4(C_FAMILY="art...
Compiling module xil_defaultlib.padd_ram
Compiling architecture behavioral of entity xil_defaultlib.convolution_componet_test
Built simulation snapshot convolution_componet_test_behav
